[ 2017-07-01T00:05:21+08:00 ] ::1 /shopping/shop/index.php/admin/User/add
INFO: [ app_begin ] --START--
INFO: Run Behavior\ReadHtmlCacheBehavior [ RunTime:0.000391s ]
INFO: [ app_begin ] --END-- [ RunTime:0.000685s ]
SQL: SHOW COLUMNS FROM `group_user` [ RunTime:0.0041s ]
NOTIC: [8] Undefined index: validate J:\xamp\htdocs\shopping\ThinkPHP\Library\Think\Model.class.php 第 1185 行.
SQL: SELECT * FROM `group_user` WHERE `uname` = 'ning' LIMIT 1   [ RunTime:0.0003s ]
SQL: SELECT * FROM `group_user` WHERE `email` = '1234@qq.com' LIMIT 1   [ RunTime:0.0002s ]
SQL: SELECT * FROM `group_user` WHERE `phone` = '11111111111' LIMIT 1   [ RunTime:0.0489s ]

[ 2017-07-01T00:14:59+08:00 ] ::1 /shopping/shop/index.php/admin/Login/login
INFO: [ app_begin ] --START--
INFO: Run Behavior\ReadHtmlCacheBehavior [ RunTime:0.000270s ]
INFO: [ app_begin ] --END-- [ RunTime:0.000485s ]

[ 2017-07-01T00:15:07+08:00 ] ::1 /shopping/shop/index.php/admin/Login/login
INFO: [ app_begin ] --START--
INFO: Run Behavior\ReadHtmlCacheBehavior [ RunTime:0.000338s ]
INFO: [ app_begin ] --END-- [ RunTime:0.000616s ]
SQL: SHOW COLUMNS FROM `group_user` [ RunTime:0.0035s ]
SQL: SELECT * FROM `group_user` WHERE `uname` = 'admin' AND `password` = 'e10adc3949ba59abbe56e057f20f883e' LIMIT 1   [ RunTime:0.0003s ]

[ 2017-07-01T00:17:13+08:00 ] ::1 /shopping/shop/index.php/admin/User/add
INFO: [ app_begin ] --START--
INFO: Run Behavior\ReadHtmlCacheBehavior [ RunTime:0.000411s ]
INFO: [ app_begin ] --END-- [ RunTime:0.000715s ]
SQL: SHOW COLUMNS FROM `group_user` [ RunTime:0.0049s ]
NOTIC: [8] Undefined index: validate J:\xamp\htdocs\shopping\ThinkPHP\Library\Think\Model.class.php 第 1185 行.
SQL: SELECT * FROM `group_user` WHERE `uname` = 'aaaaaa' LIMIT 1   [ RunTime:0.0002s ]
SQL: SELECT * FROM `group_user` WHERE `email` = 'aaaaaa@qq.com' LIMIT 1   [ RunTime:0.0002s ]
SQL: SELECT * FROM `group_user` WHERE `phone` = '33333333333' LIMIT 1   [ RunTime:0.0002s ]
NOTIC: [8] Undefined index: auto J:\xamp\htdocs\shopping\ThinkPHP\Library\Think\Model.class.php 第 1128 行.
SQL: INSERT INTO `group_user` (`email`,`uname`,`password`,`phone`) VALUES ('aaaaaa@qq.com','aaaaaa','0b4e7a0e5fe84ad35fb5f95b9ceeac79','33333333333') [ RunTime:0.2986s ]

[ 2017-07-01T00:37:03+08:00 ] ::1 /shopping/shop/index.php/admin/User/add
INFO: [ app_begin ] --START--
INFO: Run Behavior\ReadHtmlCacheBehavior [ RunTime:0.000396s ]
INFO: [ app_begin ] --END-- [ RunTime:0.000690s ]
SQL: SHOW COLUMNS FROM `group_user` [ RunTime:0.0028s ]
NOTIC: [8] Undefined index: validate J:\xamp\htdocs\shopping\ThinkPHP\Library\Think\Model.class.php 第 1185 行.
SQL: SELECT * FROM `group_user` WHERE `uname` = '888888' LIMIT 1   [ RunTime:0.0005s ]

[ 2017-07-01T00:37:45+08:00 ] ::1 /shopping/shop/index.php/admin/User/add
INFO: [ app_begin ] --START--
INFO: Run Behavior\ReadHtmlCacheBehavior [ RunTime:0.000325s ]
INFO: [ app_begin ] --END-- [ RunTime:0.000563s ]
SQL: SHOW COLUMNS FROM `group_user` [ RunTime:0.0039s ]
NOTIC: [8] Undefined index: validate J:\xamp\htdocs\shopping\ThinkPHP\Library\Think\Model.class.php 第 1185 行.
SQL: SELECT * FROM `group_user` WHERE `uname` = '888888' LIMIT 1   [ RunTime:0.0004s ]

[ 2017-07-01T00:38:59+08:00 ] ::1 /shopping/shop/index.php/admin/User/add
INFO: [ app_begin ] --START--
INFO: Run Behavior\ReadHtmlCacheBehavior [ RunTime:0.000326s ]
INFO: [ app_begin ] --END-- [ RunTime:0.000589s ]
SQL: SHOW COLUMNS FROM `group_user` [ RunTime:0.0037s ]
NOTIC: [8] Undefined index: validate J:\xamp\htdocs\shopping\ThinkPHP\Library\Think\Model.class.php 第 1185 行.
SQL: SELECT * FROM `group_user` WHERE `uname` = '888888' LIMIT 1   [ RunTime:0.0003s ]
SQL: SELECT * FROM `group_user` WHERE `email` = '111111@qq.com' LIMIT 1   [ RunTime:0.0003s ]
SQL: SELECT * FROM `group_user` WHERE `phone` = '22222222222' LIMIT 1   [ RunTime:0.0003s ]

[ 2017-07-01T00:54:52+08:00 ] ::1 /shopping/shop/index.php/admin/User/add
INFO: [ app_begin ] --START--
INFO: Run Behavior\ReadHtmlCacheBehavior [ RunTime:0.000329s ]
INFO: [ app_begin ] --END-- [ RunTime:0.000603s ]
SQL: SHOW COLUMNS FROM `group_user` [ RunTime:0.0042s ]
NOTIC: [8] Undefined index: validate J:\xamp\htdocs\shopping\ThinkPHP\Library\Think\Model.class.php 第 1185 行.
SQL: SELECT * FROM `group_user` WHERE `uname` = '9999999' LIMIT 1   [ RunTime:0.0004s ]
SQL: SELECT * FROM `group_user` WHERE `email` = '9999999@qq.com' LIMIT 1   [ RunTime:0.0003s ]
SQL: SELECT * FROM `group_user` WHERE `phone` = '22222222222' LIMIT 1   [ RunTime:0.0002s ]

[ 2017-07-01T01:20:44+08:00 ] ::1 /shopping/shop/index.php/admin/User/email
INFO: [ app_begin ] --START--
INFO: Run Behavior\ReadHtmlCacheBehavior [ RunTime:0.000519s ]
INFO: [ app_begin ] --END-- [ RunTime:0.000954s ]
SQL: SHOW COLUMNS FROM `group_user` [ RunTime:0.0043s ]
ERR: 1064:You have an error in your SQL syntax; check the manual that corresponds to your MariaDB server version for the right syntax to use near '} )' at line 1
 [ SQL语句 ] : SELECT `email` FROM `group_user` WHERE ( email={$email} ) 
ERR: 1064:You have an error in your SQL syntax; check the manual that corresponds to your MariaDB server version for the right syntax to use near '} )' at line 1
 [ SQL语句 ] : SELECT `email` FROM `group_user` WHERE ( email={$email} ) 

[ 2017-07-01T01:32:33+08:00 ] ::1 /shopping/shop/index.php/admin/User/email
INFO: [ app_begin ] --START--
INFO: Run Behavior\ReadHtmlCacheBehavior [ RunTime:0.001589s ]
INFO: [ app_begin ] --END-- [ RunTime:0.002893s ]
SQL: SHOW COLUMNS FROM `group_user` [ RunTime:0.0067s ]
SQL: SELECT * FROM `group_user` WHERE `email` = 'aaa@qq.com' LIMIT 1   [ RunTime:0.0006s ]
NOTIC: [8] Use of undefined constant res - assumed 'res' J:\xamp\htdocs\shopping\shop\Admin\Controller\UserController.class.php 第 80 行.
NOTIC: [8] Array to string conversion J:\xamp\htdocs\shopping\shop\Admin\Controller\UserController.class.php 第 84 行.
INFO: [ app_end ] --START--
INFO: Run Behavior\ShowPageTraceBehavior [ RunTime:0.001324s ]
INFO: [ app_end ] --END-- [ RunTime:0.001433s ]

[ 2017-07-01T01:32:56+08:00 ] ::1 /shopping/shop/index.php/admin/User/email
INFO: [ app_begin ] --START--
INFO: Run Behavior\ReadHtmlCacheBehavior [ RunTime:0.001022s ]
INFO: [ app_begin ] --END-- [ RunTime:0.001825s ]
SQL: SHOW COLUMNS FROM `group_user` [ RunTime:0.0054s ]
SQL: SELECT * FROM `group_user` WHERE `email` = 'aaaa@qq.com' LIMIT 1   [ RunTime:0.0005s ]
NOTIC: [8] Use of undefined constant res - assumed 'res' J:\xamp\htdocs\shopping\shop\Admin\Controller\UserController.class.php 第 80 行.
NOTIC: [8] Array to string conversion J:\xamp\htdocs\shopping\shop\Admin\Controller\UserController.class.php 第 84 行.
INFO: [ app_end ] --START--
INFO: Run Behavior\ShowPageTraceBehavior [ RunTime:0.000563s ]
INFO: [ app_end ] --END-- [ RunTime:0.000599s ]

[ 2017-07-01T01:33:17+08:00 ] ::1 /shopping/shop/index.php/admin/User/email
INFO: [ app_begin ] --START--
INFO: Run Behavior\ReadHtmlCacheBehavior [ RunTime:0.001267s ]
INFO: [ app_begin ] --END-- [ RunTime:0.002603s ]
SQL: SHOW COLUMNS FROM `group_user` [ RunTime:0.0082s ]
SQL: SELECT * FROM `group_user` WHERE `email` = 'aaa@qq.com' LIMIT 1   [ RunTime:0.0007s ]
NOTIC: [8] Use of undefined constant res - assumed 'res' J:\xamp\htdocs\shopping\shop\Admin\Controller\UserController.class.php 第 80 行.

[ 2017-07-01T01:36:44+08:00 ] ::1 /shopping/shop/index.php/admin/User/email
INFO: [ app_begin ] --START--
INFO: Run Behavior\ReadHtmlCacheBehavior [ RunTime:0.001934s ]
INFO: [ app_begin ] --END-- [ RunTime:0.003366s ]
SQL: SHOW COLUMNS FROM `group_user` [ RunTime:0.0029s ]
SQL: SELECT * FROM `group_user` WHERE `email` = 'aaaa@qq.com' LIMIT 1   [ RunTime:0.0002s ]
NOTIC: [8] Use of undefined constant res - assumed 'res' J:\xamp\htdocs\shopping\shop\Admin\Controller\UserController.class.php 第 80 行.

[ 2017-07-01T01:37:17+08:00 ] ::1 /shopping/shop/index.php/admin/User/email
INFO: [ app_begin ] --START--
INFO: Run Behavior\ReadHtmlCacheBehavior [ RunTime:0.000585s ]
INFO: [ app_begin ] --END-- [ RunTime:0.001056s ]
SQL: SHOW COLUMNS FROM `group_user` [ RunTime:0.0049s ]
SQL: SELECT * FROM `group_user` WHERE `email` = 'aaaaa@qq.com' LIMIT 1   [ RunTime:0.0004s ]

[ 2017-07-01T01:40:25+08:00 ] ::1 /shopping/shop/index.php/admin/User/email
INFO: [ app_begin ] --START--
INFO: Run Behavior\ReadHtmlCacheBehavior [ RunTime:0.000309s ]
INFO: [ app_begin ] --END-- [ RunTime:0.000569s ]
SQL: SHOW COLUMNS FROM `group_user` [ RunTime:0.0047s ]
SQL: SELECT * FROM `group_user` WHERE `email` = 'aaa' LIMIT 1   [ RunTime:0.0007s ]

[ 2017-07-01T01:40:37+08:00 ] ::1 /shopping/shop/index.php/admin/User/email
INFO: [ app_begin ] --START--
INFO: Run Behavior\ReadHtmlCacheBehavior [ RunTime:0.000971s ]
INFO: [ app_begin ] --END-- [ RunTime:0.001740s ]
SQL: SHOW COLUMNS FROM `group_user` [ RunTime:0.0032s ]
SQL: SELECT * FROM `group_user` WHERE `email` = 'aaaa@qq.com' LIMIT 1   [ RunTime:0.0003s ]

[ 2017-07-01T01:41:02+08:00 ] ::1 /shopping/shop/index.php/admin/User/email
INFO: [ app_begin ] --START--
INFO: Run Behavior\ReadHtmlCacheBehavior [ RunTime:0.001009s ]
INFO: [ app_begin ] --END-- [ RunTime:0.001815s ]
SQL: SHOW COLUMNS FROM `group_user` [ RunTime:0.0067s ]
SQL: SELECT * FROM `group_user` WHERE `email` = 'wangning@cmstop.com' LIMIT 1   [ RunTime:0.0006s ]

[ 2017-07-01T01:42:03+08:00 ] ::1 /shopping/shop/index.php/admin/User/email
INFO: [ app_begin ] --START--
INFO: Run Behavior\ReadHtmlCacheBehavior [ RunTime:0.000729s ]
INFO: [ app_begin ] --END-- [ RunTime:0.001239s ]
SQL: SHOW COLUMNS FROM `group_user` [ RunTime:0.0047s ]
SQL: SELECT * FROM `group_user` WHERE `email` = 'status' LIMIT 1   [ RunTime:0.0003s ]

[ 2017-07-01T01:42:15+08:00 ] ::1 /shopping/shop/index.php/admin/User/email
INFO: [ app_begin ] --START--
INFO: Run Behavior\ReadHtmlCacheBehavior [ RunTime:0.000609s ]
INFO: [ app_begin ] --END-- [ RunTime:0.001115s ]
SQL: SHOW COLUMNS FROM `group_user` [ RunTime:0.0054s ]
SQL: SELECT * FROM `group_user` WHERE `email` = 'wangning@cmstop.com' LIMIT 1   [ RunTime:0.0005s ]

[ 2017-07-01T01:42:38+08:00 ] ::1 /shopping/shop/index.php/admin/User/email
INFO: [ app_begin ] --START--
INFO: Run Behavior\ReadHtmlCacheBehavior [ RunTime:0.000815s ]
INFO: [ app_begin ] --END-- [ RunTime:0.001487s ]
SQL: SHOW COLUMNS FROM `group_user` [ RunTime:0.0080s ]
SQL: SELECT * FROM `group_user` WHERE `email` = 'wangning@cmstop.com' LIMIT 1   [ RunTime:0.0008s ]

[ 2017-07-01T01:42:49+08:00 ] ::1 /shopping/shop/index.php/admin/User/email
INFO: [ app_begin ] --START--
INFO: Run Behavior\ReadHtmlCacheBehavior [ RunTime:0.001044s ]
INFO: [ app_begin ] --END-- [ RunTime:0.001789s ]
SQL: SHOW COLUMNS FROM `group_user` [ RunTime:0.0048s ]
SQL: SELECT * FROM `group_user` WHERE `email` = 'wangning@cmstop.com' LIMIT 1   [ RunTime:0.0005s ]

[ 2017-07-01T01:43:01+08:00 ] ::1 /shopping/shop/index.php/admin/User/email
INFO: [ app_begin ] --START--
INFO: Run Behavior\ReadHtmlCacheBehavior [ RunTime:0.001144s ]
INFO: [ app_begin ] --END-- [ RunTime:0.002421s ]
SQL: SHOW COLUMNS FROM `group_user` [ RunTime:0.0108s ]
SQL: SELECT * FROM `group_user` WHERE `email` = 'eeee@qq.com' LIMIT 1   [ RunTime:0.0012s ]

[ 2017-07-01T01:43:20+08:00 ] ::1 /shopping/shop/index.php/admin/User/email
INFO: [ app_begin ] --START--
INFO: Run Behavior\ReadHtmlCacheBehavior [ RunTime:0.000941s ]
INFO: [ app_begin ] --END-- [ RunTime:0.001826s ]
SQL: SHOW COLUMNS FROM `group_user` [ RunTime:0.0093s ]
SQL: SELECT * FROM `group_user` WHERE `email` = 'wangning@cmstop.com' LIMIT 1   [ RunTime:0.0011s ]

[ 2017-07-01T01:44:24+08:00 ] ::1 /shopping/shop/index.php/admin/User/email
INFO: [ app_begin ] --START--
INFO: Run Behavior\ReadHtmlCacheBehavior [ RunTime:0.000638s ]
INFO: [ app_begin ] --END-- [ RunTime:0.001170s ]
SQL: SHOW COLUMNS FROM `group_user` [ RunTime:0.0070s ]
SQL: SELECT * FROM `group_user` WHERE `email` = 'msg.' LIMIT 1   [ RunTime:0.0004s ]

[ 2017-07-01T01:44:31+08:00 ] ::1 /shopping/shop/index.php/admin/User/email
INFO: [ app_begin ] --START--
INFO: Run Behavior\ReadHtmlCacheBehavior [ RunTime:0.000777s ]
INFO: [ app_begin ] --END-- [ RunTime:0.001448s ]
SQL: SHOW COLUMNS FROM `group_user` [ RunTime:0.0085s ]
SQL: SELECT * FROM `group_user` WHERE `email` = 'wangning@cmstop.com' LIMIT 1   [ RunTime:0.0006s ]

[ 2017-07-01T01:47:51+08:00 ] ::1 /shopping/shop/index.php/admin/User/email
INFO: [ app_begin ] --START--
INFO: Run Behavior\ReadHtmlCacheBehavior [ RunTime:0.000907s ]
INFO: [ app_begin ] --END-- [ RunTime:0.001541s ]
SQL: SHOW COLUMNS FROM `group_user` [ RunTime:0.0052s ]
SQL: SELECT * FROM `group_user` WHERE `email` = '' LIMIT 1   [ RunTime:0.0004s ]

[ 2017-07-01T01:47:57+08:00 ] ::1 /shopping/shop/index.php/admin/User/email
INFO: [ app_begin ] --START--
INFO: Run Behavior\ReadHtmlCacheBehavior [ RunTime:0.000588s ]
INFO: [ app_begin ] --END-- [ RunTime:0.001055s ]
SQL: SHOW COLUMNS FROM `group_user` [ RunTime:0.0062s ]
SQL: SELECT * FROM `group_user` WHERE `email` = 'www@qq.com' LIMIT 1   [ RunTime:0.0008s ]

[ 2017-07-01T01:48:42+08:00 ] ::1 /shopping/shop/index.php/admin/User/email
INFO: [ app_begin ] --START--
INFO: Run Behavior\ReadHtmlCacheBehavior [ RunTime:0.000890s ]
INFO: [ app_begin ] --END-- [ RunTime:0.001604s ]
SQL: SHOW COLUMNS FROM `group_user` [ RunTime:0.0072s ]
SQL: SELECT * FROM `group_user` WHERE `email` = '' LIMIT 1   [ RunTime:0.0009s ]

[ 2017-07-01T01:48:48+08:00 ] ::1 /shopping/shop/index.php/admin/User/email
INFO: [ app_begin ] --START--
INFO: Run Behavior\ReadHtmlCacheBehavior [ RunTime:0.001098s ]
INFO: [ app_begin ] --END-- [ RunTime:0.001830s ]
SQL: SHOW COLUMNS FROM `group_user` [ RunTime:0.0089s ]
SQL: SELECT * FROM `group_user` WHERE `email` = '244291788@qq.com' LIMIT 1   [ RunTime:0.0007s ]

[ 2017-07-01T01:49:13+08:00 ] ::1 /shopping/shop/index.php/admin/User/email
INFO: [ app_begin ] --START--
INFO: Run Behavior\ReadHtmlCacheBehavior [ RunTime:0.000641s ]
INFO: [ app_begin ] --END-- [ RunTime:0.001143s ]
SQL: SHOW COLUMNS FROM `group_user` [ RunTime:0.0069s ]
SQL: SELECT * FROM `group_user` WHERE `email` = '' LIMIT 1   [ RunTime:0.0007s ]

[ 2017-07-01T01:49:19+08:00 ] ::1 /shopping/shop/index.php/admin/User/email
INFO: [ app_begin ] --START--
INFO: Run Behavior\ReadHtmlCacheBehavior [ RunTime:0.000756s ]
INFO: [ app_begin ] --END-- [ RunTime:0.001370s ]
SQL: SHOW COLUMNS FROM `group_user` [ RunTime:0.0074s ]
SQL: SELECT * FROM `group_user` WHERE `email` = '3333@qq.com' LIMIT 1   [ RunTime:0.0006s ]

[ 2017-07-01T01:49:24+08:00 ] ::1 /shopping/shop/index.php/admin/User/email
INFO: [ app_begin ] --START--
INFO: Run Behavior\ReadHtmlCacheBehavior [ RunTime:0.000592s ]
INFO: [ app_begin ] --END-- [ RunTime:0.001103s ]
SQL: SHOW COLUMNS FROM `group_user` [ RunTime:0.0061s ]
SQL: SELECT * FROM `group_user` WHERE `email` = '3333@qq.com' LIMIT 1   [ RunTime:0.0003s ]

[ 2017-07-01T01:50:42+08:00 ] ::1 /shopping/shop/index.php/admin/User/email
INFO: [ app_begin ] --START--
INFO: Run Behavior\ReadHtmlCacheBehavior [ RunTime:0.000998s ]
INFO: [ app_begin ] --END-- [ RunTime:0.001809s ]
SQL: SHOW COLUMNS FROM `group_user` [ RunTime:0.0054s ]
SQL: SELECT * FROM `group_user` WHERE `email` = 'aaaa@qq.com' LIMIT 1   [ RunTime:0.0004s ]

[ 2017-07-01T01:50:50+08:00 ] ::1 /shopping/shop/index.php/admin/User/email
INFO: [ app_begin ] --START--
INFO: Run Behavior\ReadHtmlCacheBehavior [ RunTime:0.000943s ]
INFO: [ app_begin ] --END-- [ RunTime:0.001666s ]
SQL: SHOW COLUMNS FROM `group_user` [ RunTime:0.0048s ]
SQL: SELECT * FROM `group_user` WHERE `email` = 'www@qq.com' LIMIT 1   [ RunTime:0.0005s ]

[ 2017-07-01T01:55:11+08:00 ] ::1 /shopping/shop/index.php/admin/User/uname
INFO: [ app_begin ] --START--
INFO: Run Behavior\ReadHtmlCacheBehavior [ RunTime:0.001125s ]
INFO: [ app_begin ] --END-- [ RunTime:0.001942s ]
SQL: SHOW COLUMNS FROM `group_user` [ RunTime:0.0055s ]
SQL: SELECT * FROM `group_user` WHERE `uname` = '' LIMIT 1   [ RunTime:0.0004s ]

[ 2017-07-01T01:56:19+08:00 ] ::1 /shopping/shop/index.php/admin/User/email
INFO: [ app_begin ] --START--
INFO: Run Behavior\ReadHtmlCacheBehavior [ RunTime:0.000823s ]
INFO: [ app_begin ] --END-- [ RunTime:0.001486s ]
SQL: SHOW COLUMNS FROM `group_user` [ RunTime:0.0061s ]
SQL: SELECT * FROM `group_user` WHERE `email` = 'wangning@cmstop.com' LIMIT 1   [ RunTime:0.0004s ]

[ 2017-07-01T01:56:26+08:00 ] ::1 /shopping/shop/index.php/admin/User/uname
INFO: [ app_begin ] --START--
INFO: Run Behavior\ReadHtmlCacheBehavior [ RunTime:0.000994s ]
INFO: [ app_begin ] --END-- [ RunTime:0.001944s ]
SQL: SHOW COLUMNS FROM `group_user` [ RunTime:0.0074s ]
SQL: SELECT * FROM `group_user` WHERE `uname` = '' LIMIT 1   [ RunTime:0.0005s ]

[ 2017-07-01T01:59:15+08:00 ] ::1 /shopping/shop/index.php/admin/User/uname
INFO: [ app_begin ] --START--
INFO: Run Behavior\ReadHtmlCacheBehavior [ RunTime:0.000756s ]
INFO: [ app_begin ] --END-- [ RunTime:0.001327s ]
SQL: SHOW COLUMNS FROM `group_user` [ RunTime:0.0054s ]
SQL: SELECT * FROM `group_user` WHERE `uname` = '' LIMIT 1   [ RunTime:0.0007s ]

[ 2017-07-01T01:59:49+08:00 ] ::1 /shopping/shop/index.php/admin/User/uname
INFO: [ app_begin ] --START--
INFO: Run Behavior\ReadHtmlCacheBehavior [ RunTime:0.000990s ]
INFO: [ app_begin ] --END-- [ RunTime:0.001792s ]
SQL: SHOW COLUMNS FROM `group_user` [ RunTime:0.0095s ]
SQL: SELECT * FROM `group_user` WHERE `uname` = '' LIMIT 1   [ RunTime:0.0010s ]

[ 2017-07-01T02:00:39+08:00 ] ::1 /shopping/shop/index.php/admin/User/uname
INFO: [ app_begin ] --START--
INFO: Run Behavior\ReadHtmlCacheBehavior [ RunTime:0.001062s ]
INFO: [ app_begin ] --END-- [ RunTime:0.001901s ]
SQL: SHOW COLUMNS FROM `group_user` [ RunTime:0.0071s ]
SQL: SELECT * FROM `group_user` WHERE `uname` = '' LIMIT 1   [ RunTime:0.0010s ]

[ 2017-07-01T02:01:29+08:00 ] ::1 /shopping/shop/index.php/admin/User/uname
INFO: [ app_begin ] --START--
INFO: Run Behavior\ReadHtmlCacheBehavior [ RunTime:0.001210s ]
INFO: [ app_begin ] --END-- [ RunTime:0.002090s ]
SQL: SHOW COLUMNS FROM `group_user` [ RunTime:0.0068s ]
SQL: SELECT * FROM `group_user` WHERE `uname` = '' LIMIT 1   [ RunTime:0.0004s ]

[ 2017-07-01T02:02:35+08:00 ] ::1 /shopping/shop/index.php/admin/User/uname
INFO: [ app_begin ] --START--
INFO: Run Behavior\ReadHtmlCacheBehavior [ RunTime:0.001170s ]
INFO: [ app_begin ] --END-- [ RunTime:0.002063s ]
SQL: SHOW COLUMNS FROM `group_user` [ RunTime:0.0093s ]
SQL: SELECT * FROM `group_user` WHERE `uname` = '' LIMIT 1   [ RunTime:0.0008s ]

[ 2017-07-01T02:03:08+08:00 ] ::1 /shopping/shop/index.php/admin/User/uname
INFO: [ app_begin ] --START--
INFO: Run Behavior\ReadHtmlCacheBehavior [ RunTime:0.000742s ]
INFO: [ app_begin ] --END-- [ RunTime:0.001374s ]
SQL: SHOW COLUMNS FROM `group_user` [ RunTime:0.0054s ]
SQL: SELECT * FROM `group_user` WHERE `uname` = 'admin' LIMIT 1   [ RunTime:0.0005s ]

[ 2017-07-01T02:04:32+08:00 ] ::1 /shopping/shop/index.php/admin/User/uname
INFO: [ app_begin ] --START--
INFO: Run Behavior\ReadHtmlCacheBehavior [ RunTime:0.001374s ]
INFO: [ app_begin ] --END-- [ RunTime:0.002354s ]
SQL: SHOW COLUMNS FROM `group_user` [ RunTime:0.0066s ]
SQL: SELECT * FROM `group_user` WHERE `uname` = '9999999' LIMIT 1   [ RunTime:0.0006s ]

[ 2017-07-01T02:04:36+08:00 ] ::1 /shopping/shop/index.php/admin/User/uname
INFO: [ app_begin ] --START--
INFO: Run Behavior\ReadHtmlCacheBehavior [ RunTime:0.000404s ]
INFO: [ app_begin ] --END-- [ RunTime:0.000715s ]
SQL: SHOW COLUMNS FROM `group_user` [ RunTime:0.0091s ]
SQL: SELECT * FROM `group_user` WHERE `uname` = 'admin' LIMIT 1   [ RunTime:0.0010s ]

[ 2017-07-01T02:09:12+08:00 ] ::1 /shopping/shop/index.php/admin/User/uname
INFO: [ app_begin ] --START--
INFO: Run Behavior\ReadHtmlCacheBehavior [ RunTime:0.001029s ]
INFO: [ app_begin ] --END-- [ RunTime:0.001758s ]
SQL: SHOW COLUMNS FROM `group_user` [ RunTime:0.0062s ]
SQL: SELECT * FROM `group_user` WHERE `uname` = 'aaaaa' LIMIT 1   [ RunTime:0.0005s ]

[ 2017-07-01T02:09:25+08:00 ] ::1 /shopping/shop/index.php/admin/User/email
INFO: [ app_begin ] --START--
INFO: Run Behavior\ReadHtmlCacheBehavior [ RunTime:0.000561s ]
INFO: [ app_begin ] --END-- [ RunTime:0.001003s ]
SQL: SHOW COLUMNS FROM `group_user` [ RunTime:0.0122s ]
SQL: SELECT * FROM `group_user` WHERE `email` = 'aaaaaa@qq.com' LIMIT 1   [ RunTime:0.0011s ]

[ 2017-07-01T02:09:25+08:00 ] ::1 /shopping/shop/index.php/admin/User/add
INFO: [ app_begin ] --START--
INFO: Run Behavior\ReadHtmlCacheBehavior [ RunTime:0.000316s ]
INFO: [ app_begin ] --END-- [ RunTime:0.000570s ]
SQL: SHOW COLUMNS FROM `group_user` [ RunTime:0.0029s ]
NOTIC: [8] Undefined index: validate J:\xamp\htdocs\shopping\ThinkPHP\Library\Think\Model.class.php 第 1185 行.
SQL: SELECT * FROM `group_user` WHERE `uname` = 'aaaaa' LIMIT 1   [ RunTime:0.0004s ]
SQL: SELECT * FROM `group_user` WHERE `email` = 'aaaaaa@qq.com' LIMIT 1   [ RunTime:0.0003s ]

[ 2017-07-01T02:10:30+08:00 ] ::1 /shopping/shop/index.php/admin/User/uname
INFO: [ app_begin ] --START--
INFO: Run Behavior\ReadHtmlCacheBehavior [ RunTime:0.000974s ]
INFO: [ app_begin ] --END-- [ RunTime:0.001588s ]
SQL: SHOW COLUMNS FROM `group_user` [ RunTime:0.0078s ]
SQL: SELECT * FROM `group_user` WHERE `uname` = 'myweb' LIMIT 1   [ RunTime:0.0003s ]

[ 2017-07-01T02:10:33+08:00 ] ::1 /shopping/shop/index.php/admin/User/uname
INFO: [ app_begin ] --START--
INFO: Run Behavior\ReadHtmlCacheBehavior [ RunTime:0.001116s ]
INFO: [ app_begin ] --END-- [ RunTime:0.001932s ]
SQL: SHOW COLUMNS FROM `group_user` [ RunTime:0.0083s ]
SQL: SELECT * FROM `group_user` WHERE `uname` = 'myweb' LIMIT 1   [ RunTime:0.0006s ]

[ 2017-07-01T02:10:38+08:00 ] ::1 /shopping/shop/index.php/admin/User/email
INFO: [ app_begin ] --START--
INFO: Run Behavior\ReadHtmlCacheBehavior [ RunTime:0.000899s ]
INFO: [ app_begin ] --END-- [ RunTime:0.001616s ]
SQL: SHOW COLUMNS FROM `group_user` [ RunTime:0.0084s ]
SQL: SELECT * FROM `group_user` WHERE `email` = 'myweb@qq.com' LIMIT 1   [ RunTime:0.0008s ]

[ 2017-07-01T02:10:50+08:00 ] ::1 /shopping/shop/index.php/admin/User/add
INFO: [ app_begin ] --START--
INFO: Run Behavior\ReadHtmlCacheBehavior [ RunTime:0.000330s ]
INFO: [ app_begin ] --END-- [ RunTime:0.000589s ]
SQL: SHOW COLUMNS FROM `group_user` [ RunTime:0.0042s ]
NOTIC: [8] Undefined index: validate J:\xamp\htdocs\shopping\ThinkPHP\Library\Think\Model.class.php 第 1185 行.
SQL: SELECT * FROM `group_user` WHERE `uname` = 'myweb' LIMIT 1   [ RunTime:0.0003s ]
SQL: SELECT * FROM `group_user` WHERE `email` = 'myweb@qq.com' LIMIT 1   [ RunTime:0.0002s ]
SQL: SELECT * FROM `group_user` WHERE `phone` = '22222222222' LIMIT 1   [ RunTime:0.0002s ]

[ 2017-07-01T02:11:45+08:00 ] ::1 /shopping/shop/index.php/admin/User/uname
INFO: [ app_begin ] --START--
INFO: Run Behavior\ReadHtmlCacheBehavior [ RunTime:0.000936s ]
INFO: [ app_begin ] --END-- [ RunTime:0.001776s ]
SQL: SHOW COLUMNS FROM `group_user` [ RunTime:0.0090s ]
SQL: SELECT * FROM `group_user` WHERE `uname` = 'myweb' LIMIT 1   [ RunTime:0.0006s ]

[ 2017-07-01T02:11:50+08:00 ] ::1 /shopping/shop/index.php/admin/User/uname
INFO: [ app_begin ] --START--
INFO: Run Behavior\ReadHtmlCacheBehavior [ RunTime:0.000674s ]
INFO: [ app_begin ] --END-- [ RunTime:0.001241s ]
SQL: SHOW COLUMNS FROM `group_user` [ RunTime:0.0041s ]
SQL: SELECT * FROM `group_user` WHERE `uname` = 'myweb' LIMIT 1   [ RunTime:0.0003s ]

[ 2017-07-01T02:11:53+08:00 ] ::1 /shopping/shop/index.php/admin/User/email
INFO: [ app_begin ] --START--
INFO: Run Behavior\ReadHtmlCacheBehavior [ RunTime:0.001536s ]
INFO: [ app_begin ] --END-- [ RunTime:0.002821s ]
SQL: SHOW COLUMNS FROM `group_user` [ RunTime:0.0077s ]
SQL: SELECT * FROM `group_user` WHERE `email` = 'myweb@qq.com' LIMIT 1   [ RunTime:0.0006s ]

[ 2017-07-01T02:12:04+08:00 ] ::1 /shopping/shop/index.php/admin/User/add
INFO: [ app_begin ] --START--
INFO: Run Behavior\ReadHtmlCacheBehavior [ RunTime:0.000324s ]
INFO: [ app_begin ] --END-- [ RunTime:0.000582s ]
SQL: SHOW COLUMNS FROM `group_user` [ RunTime:0.0040s ]
NOTIC: [8] Undefined index: validate J:\xamp\htdocs\shopping\ThinkPHP\Library\Think\Model.class.php 第 1185 行.
SQL: SELECT * FROM `group_user` WHERE `uname` = 'myweb' LIMIT 1   [ RunTime:0.0002s ]
SQL: SELECT * FROM `group_user` WHERE `email` = 'myweb@qq.com' LIMIT 1   [ RunTime:0.0002s ]
SQL: SELECT * FROM `group_user` WHERE `phone` = '22222222222' LIMIT 1   [ RunTime:0.0002s ]

[ 2017-07-01T02:29:38+08:00 ] ::1 /shopping/shop/index.php/admin/User/uname
INFO: [ app_begin ] --START--
INFO: Run Behavior\ReadHtmlCacheBehavior [ RunTime:0.001620s ]
INFO: [ app_begin ] --END-- [ RunTime:0.002970s ]
SQL: SHOW COLUMNS FROM `group_user` [ RunTime:0.0073s ]
SQL: SELECT * FROM `group_user` WHERE `uname` = 'myweb' LIMIT 1   [ RunTime:0.0006s ]

[ 2017-07-01T02:29:47+08:00 ] ::1 /shopping/shop/index.php/admin/User/email
INFO: [ app_begin ] --START--
INFO: Run Behavior\ReadHtmlCacheBehavior [ RunTime:0.000749s ]
INFO: [ app_begin ] --END-- [ RunTime:0.001356s ]
SQL: SHOW COLUMNS FROM `group_user` [ RunTime:0.0073s ]
SQL: SELECT * FROM `group_user` WHERE `email` = 'myweb@qq.com' LIMIT 1   [ RunTime:0.0005s ]

[ 2017-07-01T02:29:57+08:00 ] ::1 /shopping/shop/index.php/admin/User/add
INFO: [ app_begin ] --START--
INFO: Run Behavior\ReadHtmlCacheBehavior [ RunTime:0.000282s ]
INFO: [ app_begin ] --END-- [ RunTime:0.000509s ]
SQL: SHOW COLUMNS FROM `group_user` [ RunTime:0.0042s ]
NOTIC: [8] Undefined index: validate J:\xamp\htdocs\shopping\ThinkPHP\Library\Think\Model.class.php 第 1185 行.
SQL: SELECT * FROM `group_user` WHERE `uname` = 'myweb' LIMIT 1   [ RunTime:0.0002s ]
SQL: SELECT * FROM `group_user` WHERE `email` = 'myweb@qq.com' LIMIT 1   [ RunTime:0.0002s ]
NOTIC: [8] Undefined index: auto J:\xamp\htdocs\shopping\ThinkPHP\Library\Think\Model.class.php 第 1128 行.
SQL: INSERT INTO `group_user` (`email`,`uname`,`password`,`phone`) VALUES ('myweb@qq.com','myweb','f68a4bf69a503a07923537cf275f90e6','11111111111') [ RunTime:0.1399s ]

[ 2017-07-01T02:30:10+08:00 ] ::1 /shopping/shop/index.php/admin/User/uname
INFO: [ app_begin ] --START--
INFO: Run Behavior\ReadHtmlCacheBehavior [ RunTime:0.001051s ]
INFO: [ app_begin ] --END-- [ RunTime:0.001840s ]
SQL: SHOW COLUMNS FROM `group_user` [ RunTime:0.0050s ]
SQL: SELECT * FROM `group_user` WHERE `uname` = 'myweb' LIMIT 1   [ RunTime:0.0004s ]

[ 2017-07-01T02:30:15+08:00 ] ::1 /shopping/shop/index.php/admin/User/uname
INFO: [ app_begin ] --START--
INFO: Run Behavior\ReadHtmlCacheBehavior [ RunTime:0.001096s ]
INFO: [ app_begin ] --END-- [ RunTime:0.001995s ]
SQL: SHOW COLUMNS FROM `group_user` [ RunTime:0.0136s ]
SQL: SELECT * FROM `group_user` WHERE `uname` = 'myweb' LIMIT 1   [ RunTime:0.0010s ]

[ 2017-07-01T02:31:22+08:00 ] ::1 /shopping/shop/index.php/admin/User/uname
INFO: [ app_begin ] --START--
INFO: Run Behavior\ReadHtmlCacheBehavior [ RunTime:0.000890s ]
INFO: [ app_begin ] --END-- [ RunTime:0.001618s ]
SQL: SHOW COLUMNS FROM `group_user` [ RunTime:0.0056s ]
SQL: SELECT * FROM `group_user` WHERE `uname` = 'myaaaa' LIMIT 1   [ RunTime:0.0005s ]

[ 2017-07-01T02:31:45+08:00 ] ::1 /shopping/shop/index.php/admin/User/uname
INFO: [ app_begin ] --START--
INFO: Run Behavior\ReadHtmlCacheBehavior [ RunTime:0.000811s ]
INFO: [ app_begin ] --END-- [ RunTime:0.001390s ]
SQL: SHOW COLUMNS FROM `group_user` [ RunTime:0.0073s ]
SQL: SELECT * FROM `group_user` WHERE `uname` = 'mywebaa' LIMIT 1   [ RunTime:0.0006s ]

[ 2017-07-01T02:33:53+08:00 ] ::1 /shopping/shop/index.php/admin/User/uname
INFO: [ app_begin ] --START--
INFO: Run Behavior\ReadHtmlCacheBehavior [ RunTime:0.001114s ]
INFO: [ app_begin ] --END-- [ RunTime:0.001945s ]
SQL: SHOW COLUMNS FROM `group_user` [ RunTime:0.0053s ]
SQL: SELECT * FROM `group_user` WHERE `uname` = 'aaaaaaaaa' LIMIT 1   [ RunTime:0.0004s ]

[ 2017-07-01T02:34:01+08:00 ] ::1 /shopping/shop/index.php/admin/User/email
INFO: [ app_begin ] --START--
INFO: Run Behavior\ReadHtmlCacheBehavior [ RunTime:0.000887s ]
INFO: [ app_begin ] --END-- [ RunTime:0.001666s ]
SQL: SHOW COLUMNS FROM `group_user` [ RunTime:0.0057s ]
SQL: SELECT * FROM `group_user` WHERE `email` = 'aaaaaaaaa@qq.com' LIMIT 1   [ RunTime:0.0004s ]

[ 2017-07-01T02:34:03+08:00 ] ::1 /shopping/shop/index.php/admin/User/add
INFO: [ app_begin ] --START--
INFO: Run Behavior\ReadHtmlCacheBehavior [ RunTime:0.000354s ]
INFO: [ app_begin ] --END-- [ RunTime:0.000667s ]
SQL: SHOW COLUMNS FROM `group_user` [ RunTime:0.0044s ]
NOTIC: [8] Undefined index: validate J:\xamp\htdocs\shopping\ThinkPHP\Library\Think\Model.class.php 第 1185 行.
SQL: SELECT * FROM `group_user` WHERE `uname` = 'aaaaaaaaa' LIMIT 1   [ RunTime:0.0007s ]
SQL: SELECT * FROM `group_user` WHERE `email` = 'aaaaaaaaa@qq.com' LIMIT 1   [ RunTime:0.0003s ]
NOTIC: [8] Undefined index: auto J:\xamp\htdocs\shopping\ThinkPHP\Library\Think\Model.class.php 第 1128 行.
SQL: INSERT INTO `group_user` (`email`,`uname`,`password`,`phone`) VALUES ('aaaaaaaaa@qq.com','aaaaaaaaa','552e6a97297c53e592208cf97fbb3b60','22222222222') [ RunTime:0.1482s ]

[ 2017-07-01T02:34:24+08:00 ] ::1 /shopping/shop/index.php/Admin/Login/loginout
INFO: [ app_begin ] --START--
INFO: Run Behavior\ReadHtmlCacheBehavior [ RunTime:0.000308s ]
INFO: [ app_begin ] --END-- [ RunTime:0.000556s ]

[ 2017-07-01T20:10:39+08:00 ] ::1 /shopping/shop/index.php/admin/Login/login
INFO: [ app_begin ] --START--
INFO: Run Behavior\ReadHtmlCacheBehavior [ RunTime:0.000400s ]
INFO: [ app_begin ] --END-- [ RunTime:0.000697s ]
SQL: SHOW COLUMNS FROM `group_user` [ RunTime:0.0138s ]
SQL: SELECT * FROM `group_user` WHERE `uname` = 'admin' AND `password` = '283f42764da6dba2522412916b031080' LIMIT 1   [ RunTime:0.0005s ]

[ 2017-07-01T20:10:49+08:00 ] ::1 /shopping/shop/index.php/admin/Login/login
INFO: [ app_begin ] --START--
INFO: Run Behavior\ReadHtmlCacheBehavior [ RunTime:0.000325s ]
INFO: [ app_begin ] --END-- [ RunTime:0.000595s ]
SQL: SHOW COLUMNS FROM `group_user` [ RunTime:0.0036s ]
SQL: SELECT * FROM `group_user` WHERE `uname` = 'admin' AND `password` = '283f42764da6dba2522412916b031080' LIMIT 1   [ RunTime:0.0003s ]

[ 2017-07-01T20:11:28+08:00 ] ::1 /shopping/shop/index.php/admin/Login/login
INFO: [ app_begin ] --START--
INFO: Run Behavior\ReadHtmlCacheBehavior [ RunTime:0.000315s ]
INFO: [ app_begin ] --END-- [ RunTime:0.000580s ]

[ 2017-07-01T20:11:37+08:00 ] ::1 /shopping/shop/index.php/admin/Login/login
INFO: [ app_begin ] --START--
INFO: Run Behavior\ReadHtmlCacheBehavior [ RunTime:0.000344s ]
INFO: [ app_begin ] --END-- [ RunTime:0.000636s ]
SQL: SHOW COLUMNS FROM `group_user` [ RunTime:0.0037s ]
SQL: SELECT * FROM `group_user` WHERE `uname` = 'admin' AND `password` = '283f42764da6dba2522412916b031080' LIMIT 1   [ RunTime:0.0002s ]

[ 2017-07-01T20:11:59+08:00 ] ::1 /shopping/shop/index.php/admin/Login/login
INFO: [ app_begin ] --START--
INFO: Run Behavior\ReadHtmlCacheBehavior [ RunTime:0.000277s ]
INFO: [ app_begin ] --END-- [ RunTime:0.000496s ]

[ 2017-07-01T20:12:37+08:00 ] ::1 /shopping/shop/index.php/admin/Login/login
INFO: [ app_begin ] --START--
INFO: Run Behavior\ReadHtmlCacheBehavior [ RunTime:0.000345s ]
INFO: [ app_begin ] --END-- [ RunTime:0.000630s ]
SQL: SHOW COLUMNS FROM `group_user` [ RunTime:0.0037s ]
SQL: SELECT * FROM `group_user` WHERE `uname` = 'admin' AND `password` = 'e10adc3949ba59abbe56e057f20f883e' LIMIT 1   [ RunTime:0.0004s ]

[ 2017-07-01T20:44:00+08:00 ] ::1 /shopping/shop/index.php/admin/User/uname
INFO: [ app_begin ] --START--
INFO: Run Behavior\ReadHtmlCacheBehavior [ RunTime:0.001164s ]
INFO: [ app_begin ] --END-- [ RunTime:0.002004s ]
SQL: SHOW COLUMNS FROM `group_user` [ RunTime:0.0045s ]
SQL: SELECT * FROM `group_user` WHERE `uname` = 'admin' LIMIT 1   [ RunTime:0.0005s ]

[ 2017-07-01T20:44:09+08:00 ] ::1 /shopping/shop/index.php/admin/User/uname
INFO: [ app_begin ] --START--
INFO: Run Behavior\ReadHtmlCacheBehavior [ RunTime:0.001118s ]
INFO: [ app_begin ] --END-- [ RunTime:0.001913s ]
SQL: SHOW COLUMNS FROM `group_user` [ RunTime:0.0239s ]
SQL: SELECT * FROM `group_user` WHERE `uname` = 'admin' LIMIT 1   [ RunTime:0.0005s ]

[ 2017-07-01T20:44:19+08:00 ] ::1 /shopping/shop/index.php/admin/User/uname
INFO: [ app_begin ] --START--
INFO: Run Behavior\ReadHtmlCacheBehavior [ RunTime:0.001051s ]
INFO: [ app_begin ] --END-- [ RunTime:0.001887s ]
SQL: SHOW COLUMNS FROM `group_user` [ RunTime:0.0057s ]
SQL: SELECT * FROM `group_user` WHERE `uname` = 'admin' LIMIT 1   [ RunTime:0.0005s ]

[ 2017-07-01T20:44:21+08:00 ] ::1 /shopping/shop/index.php/admin/User/uname
INFO: [ app_begin ] --START--
INFO: Run Behavior\ReadHtmlCacheBehavior [ RunTime:0.001634s ]
INFO: [ app_begin ] --END-- [ RunTime:0.002945s ]
SQL: SHOW COLUMNS FROM `group_user` [ RunTime:0.0073s ]
SQL: SELECT * FROM `group_user` WHERE `uname` = 'admin' LIMIT 1   [ RunTime:0.0009s ]

[ 2017-07-01T20:44:22+08:00 ] ::1 /shopping/shop/index.php/admin/User/uname
INFO: [ app_begin ] --START--
INFO: Run Behavior\ReadHtmlCacheBehavior [ RunTime:0.001429s ]
INFO: [ app_begin ] --END-- [ RunTime:0.002679s ]
SQL: SHOW COLUMNS FROM `group_user` [ RunTime:0.0080s ]
SQL: SELECT * FROM `group_user` WHERE `uname` = 'admin' LIMIT 1   [ RunTime:0.0010s ]

[ 2017-07-01T20:44:23+08:00 ] ::1 /shopping/shop/index.php/admin/User/uname
INFO: [ app_begin ] --START--
INFO: Run Behavior\ReadHtmlCacheBehavior [ RunTime:0.000754s ]
INFO: [ app_begin ] --END-- [ RunTime:0.001388s ]
SQL: SHOW COLUMNS FROM `group_user` [ RunTime:0.0045s ]
SQL: SELECT * FROM `group_user` WHERE `uname` = 'admin' LIMIT 1   [ RunTime:0.0004s ]

[ 2017-07-01T21:47:51+08:00 ] ::1 /shopping/shop/index.php/Admin/user/welcome.htm
ERR: 非法操作:welcome

[ 2017-07-01T21:48:51+08:00 ] ::1 /shopping/shop/index.php/Admin/user/welcome.htm
ERR: 非法操作:welcome

[ 2017-07-01T23:02:39+08:00 ] ::1 /shopping/shop/index.php/admin/User/edit?uid=
INFO: [ app_begin ] --START--
INFO: Run Behavior\ReadHtmlCacheBehavior [ RunTime:0.000326s ]
INFO: [ app_begin ] --END-- [ RunTime:0.000591s ]
SQL: SHOW COLUMNS FROM `group_user` [ RunTime:0.0024s ]
SQL: SELECT * FROM `group_user` WHERE `uid` = 0 LIMIT 1   [ RunTime:0.0003s ]
INFO: [ view_parse ] --START--
INFO: [ template_filter ] --START--
INFO: Run Behavior\ContentReplaceBehavior [ RunTime:0.000023s ]
INFO: [ template_filter ] --END-- [ RunTime:0.000043s ]
INFO: Run Behavior\ParseTemplateBehavior [ RunTime:0.003673s ]
INFO: [ view_parse ] --END-- [ RunTime:0.003698s ]
INFO: [ view_filter ] --START--
INFO: Run Behavior\WriteHtmlCacheBehavior [ RunTime:0.000232s ]
INFO: [ view_filter ] --END-- [ RunTime:0.000251s ]
INFO: [ app_end ] --START--
INFO: Run Behavior\ShowPageTraceBehavior [ RunTime:0.000334s ]
INFO: [ app_end ] --END-- [ RunTime:0.000354s ]

[ 2017-07-01T23:02:40+08:00 ] ::1 /shopping/shop/index.php/admin/User/edit?uid=
INFO: [ app_begin ] --START--
INFO: Run Behavior\ReadHtmlCacheBehavior [ RunTime:0.000343s ]
INFO: [ app_begin ] --END-- [ RunTime:0.000612s ]
SQL: SHOW COLUMNS FROM `group_user` [ RunTime:0.0028s ]
SQL: SELECT * FROM `group_user` WHERE `uid` = 0 LIMIT 1   [ RunTime:0.0005s ]
INFO: [ view_parse ] --START--
INFO: [ template_filter ] --START--
INFO: Run Behavior\ContentReplaceBehavior [ RunTime:0.000023s ]
INFO: [ template_filter ] --END-- [ RunTime:0.000042s ]
INFO: Run Behavior\ParseTemplateBehavior [ RunTime:0.003522s ]
INFO: [ view_parse ] --END-- [ RunTime:0.003548s ]
INFO: [ view_filter ] --START--
INFO: Run Behavior\WriteHtmlCacheBehavior [ RunTime:0.000243s ]
INFO: [ view_filter ] --END-- [ RunTime:0.000263s ]
INFO: [ app_end ] --START--
INFO: Run Behavior\ShowPageTraceBehavior [ RunTime:0.000320s ]
INFO: [ app_end ] --END-- [ RunTime:0.000340s ]

[ 2017-07-01T23:03:20+08:00 ] ::1 /shopping/shop/index.php/admin/User/edit?uid=
INFO: [ app_begin ] --START--
INFO: Run Behavior\ReadHtmlCacheBehavior [ RunTime:0.000362s ]
INFO: [ app_begin ] --END-- [ RunTime:0.000634s ]
SQL: SHOW COLUMNS FROM `group_user` [ RunTime:0.0037s ]
SQL: SELECT * FROM `group_user` WHERE `uid` = 0 LIMIT 1   [ RunTime:0.0003s ]
INFO: [ view_parse ] --START--
INFO: [ template_filter ] --START--
INFO: Run Behavior\ContentReplaceBehavior [ RunTime:0.000025s ]
INFO: [ template_filter ] --END-- [ RunTime:0.000050s ]
INFO: Run Behavior\ParseTemplateBehavior [ RunTime:0.004227s ]
INFO: [ view_parse ] --END-- [ RunTime:0.004258s ]
INFO: [ view_filter ] --START--
INFO: Run Behavior\WriteHtmlCacheBehavior [ RunTime:0.000189s ]
INFO: [ view_filter ] --END-- [ RunTime:0.000207s ]
INFO: [ app_end ] --START--
INFO: Run Behavior\ShowPageTraceBehavior [ RunTime:0.000328s ]
INFO: [ app_end ] --END-- [ RunTime:0.000349s ]

[ 2017-07-01T23:28:44+08:00 ] ::1 /shopping/shop/index.php/admin/User/edit
INFO: [ app_begin ] --START--
INFO: Run Behavior\ReadHtmlCacheBehavior [ RunTime:0.000358s ]
INFO: [ app_begin ] --END-- [ RunTime:0.000652s ]
SQL: SHOW COLUMNS FROM `group_user` [ RunTime:0.0037s ]
SQL: SELECT * FROM `group_user` WHERE `uid` = 0 LIMIT 1   [ RunTime:0.0003s ]
INFO: [ view_parse ] --START--
INFO: [ template_filter ] --START--
INFO: Run Behavior\ContentReplaceBehavior [ RunTime:0.000023s ]
INFO: [ template_filter ] --END-- [ RunTime:0.000042s ]
INFO: Run Behavior\ParseTemplateBehavior [ RunTime:0.003683s ]
INFO: [ view_parse ] --END-- [ RunTime:0.003709s ]
INFO: [ view_filter ] --START--
INFO: Run Behavior\WriteHtmlCacheBehavior [ RunTime:0.000196s ]
INFO: [ view_filter ] --END-- [ RunTime:0.000215s ]
INFO: [ app_end ] --START--
INFO: Run Behavior\ShowPageTraceBehavior [ RunTime:0.000349s ]
INFO: [ app_end ] --END-- [ RunTime:0.000370s ]

[ 2017-07-01T23:28:45+08:00 ] ::1 /shopping/shop/index.php/admin/User/edit
INFO: [ app_begin ] --START--
INFO: Run Behavior\ReadHtmlCacheBehavior [ RunTime:0.000343s ]
INFO: [ app_begin ] --END-- [ RunTime:0.000617s ]
SQL: SHOW COLUMNS FROM `group_user` [ RunTime:0.0029s ]
SQL: SELECT * FROM `group_user` WHERE `uid` = 0 LIMIT 1   [ RunTime:0.0008s ]
INFO: [ view_parse ] --START--
INFO: [ template_filter ] --START--
INFO: Run Behavior\ContentReplaceBehavior [ RunTime:0.000024s ]
INFO: [ template_filter ] --END-- [ RunTime:0.000043s ]
INFO: Run Behavior\ParseTemplateBehavior [ RunTime:0.003655s ]
INFO: [ view_parse ] --END-- [ RunTime:0.003680s ]
INFO: [ view_filter ] --START--
INFO: Run Behavior\WriteHtmlCacheBehavior [ RunTime:0.000232s ]
INFO: [ view_filter ] --END-- [ RunTime:0.000251s ]
INFO: [ app_end ] --START--
INFO: Run Behavior\ShowPageTraceBehavior [ RunTime:0.000347s ]
INFO: [ app_end ] --END-- [ RunTime:0.000368s ]

[ 2017-07-01T23:28:47+08:00 ] ::1 /shopping/shop/index.php/admin/User/edit
INFO: [ app_begin ] --START--
INFO: Run Behavior\ReadHtmlCacheBehavior [ RunTime:0.000404s ]
INFO: [ app_begin ] --END-- [ RunTime:0.000707s ]
SQL: SHOW COLUMNS FROM `group_user` [ RunTime:0.0039s ]
SQL: SELECT * FROM `group_user` WHERE `uid` = 0 LIMIT 1   [ RunTime:0.0005s ]
INFO: [ view_parse ] --START--
INFO: [ template_filter ] --START--
INFO: Run Behavior\ContentReplaceBehavior [ RunTime:0.000022s ]
INFO: [ template_filter ] --END-- [ RunTime:0.000041s ]
INFO: Run Behavior\ParseTemplateBehavior [ RunTime:0.003809s ]
INFO: [ view_parse ] --END-- [ RunTime:0.003833s ]
INFO: [ view_filter ] --START--
INFO: Run Behavior\WriteHtmlCacheBehavior [ RunTime:0.000281s ]
INFO: [ view_filter ] --END-- [ RunTime:0.000300s ]
INFO: [ app_end ] --START--
INFO: Run Behavior\ShowPageTraceBehavior [ RunTime:0.000372s ]
INFO: [ app_end ] --END-- [ RunTime:0.000393s ]

[ 2017-07-01T23:30:24+08:00 ] ::1 /shopping/shop/index.php/admin/User/edit
INFO: [ app_begin ] --START--
INFO: Run Behavior\ReadHtmlCacheBehavior [ RunTime:0.000332s ]
INFO: [ app_begin ] --END-- [ RunTime:0.000602s ]
SQL: SHOW COLUMNS FROM `group_user` [ RunTime:0.0026s ]
SQL: SELECT * FROM `group_user` WHERE `uid` = 0 LIMIT 1   [ RunTime:0.0003s ]
INFO: [ view_parse ] --START--
INFO: [ template_filter ] --START--
INFO: Run Behavior\ContentReplaceBehavior [ RunTime:0.000023s ]
INFO: [ template_filter ] --END-- [ RunTime:0.000045s ]
INFO: Run Behavior\ParseTemplateBehavior [ RunTime:0.003825s ]
INFO: [ view_parse ] --END-- [ RunTime:0.003854s ]
INFO: [ view_filter ] --START--
INFO: Run Behavior\WriteHtmlCacheBehavior [ RunTime:0.000212s ]
INFO: [ view_filter ] --END-- [ RunTime:0.000232s ]
INFO: [ app_end ] --START--
INFO: Run Behavior\ShowPageTraceBehavior [ RunTime:0.000326s ]
INFO: [ app_end ] --END-- [ RunTime:0.000346s ]

[ 2017-07-01T23:30:25+08:00 ] ::1 /shopping/shop/index.php/admin/User/edit
INFO: [ app_begin ] --START--
INFO: Run Behavior\ReadHtmlCacheBehavior [ RunTime:0.000364s ]
INFO: [ app_begin ] --END-- [ RunTime:0.000674s ]
SQL: SHOW COLUMNS FROM `group_user` [ RunTime:0.0040s ]
SQL: SELECT * FROM `group_user` WHERE `uid` = 0 LIMIT 1   [ RunTime:0.0005s ]
INFO: [ view_parse ] --START--
INFO: [ template_filter ] --START--
INFO: Run Behavior\ContentReplaceBehavior [ RunTime:0.000022s ]
INFO: [ template_filter ] --END-- [ RunTime:0.000042s ]
INFO: Run Behavior\ParseTemplateBehavior [ RunTime:0.003732s ]
INFO: [ view_parse ] --END-- [ RunTime:0.003757s ]
INFO: [ view_filter ] --START--
INFO: Run Behavior\WriteHtmlCacheBehavior [ RunTime:0.000242s ]
INFO: [ view_filter ] --END-- [ RunTime:0.000262s ]
INFO: [ app_end ] --START--
INFO: Run Behavior\ShowPageTraceBehavior [ RunTime:0.000349s ]
INFO: [ app_end ] --END-- [ RunTime:0.000370s ]

[ 2017-07-01T23:47:03+08:00 ] ::1 /shopping/shop/index.php/admin/User/edit?uid=1
INFO: [ app_begin ] --START--
INFO: Run Behavior\ReadHtmlCacheBehavior [ RunTime:0.000349s ]
INFO: [ app_begin ] --END-- [ RunTime:0.000634s ]
SQL: SHOW COLUMNS FROM `group_user` [ RunTime:0.0039s ]
SQL: SELECT * FROM `group_user` WHERE `uid` = 1 LIMIT 1   [ RunTime:0.0003s ]
INFO: [ view_parse ] --START--
INFO: [ template_filter ] --START--
INFO: Run Behavior\ContentReplaceBehavior [ RunTime:0.000021s ]
INFO: [ template_filter ] --END-- [ RunTime:0.000042s ]
INFO: Run Behavior\ParseTemplateBehavior [ RunTime:0.003627s ]
INFO: [ view_parse ] --END-- [ RunTime:0.003652s ]
INFO: [ view_filter ] --START--
INFO: Run Behavior\WriteHtmlCacheBehavior [ RunTime:0.000215s ]
INFO: [ view_filter ] --END-- [ RunTime:0.000233s ]
INFO: [ app_end ] --START--
INFO: Run Behavior\ShowPageTraceBehavior [ RunTime:0.000332s ]
INFO: [ app_end ] --END-- [ RunTime:0.000350s ]

[ 2017-07-01T23:47:07+08:00 ] ::1 /shopping/shop/index.php/admin/User/edit?uid=1
INFO: [ app_begin ] --START--
INFO: Run Behavior\ReadHtmlCacheBehavior [ RunTime:0.000298s ]
INFO: [ app_begin ] --END-- [ RunTime:0.000553s ]
SQL: SHOW COLUMNS FROM `group_user` [ RunTime:0.0030s ]
SQL: SELECT * FROM `group_user` WHERE `uid` = 1 LIMIT 1   [ RunTime:0.0005s ]
INFO: [ view_parse ] --START--
INFO: [ template_filter ] --START--
INFO: Run Behavior\ContentReplaceBehavior [ RunTime:0.000024s ]
INFO: [ template_filter ] --END-- [ RunTime:0.000046s ]
INFO: Run Behavior\ParseTemplateBehavior [ RunTime:0.003874s ]
INFO: [ view_parse ] --END-- [ RunTime:0.003900s ]
INFO: [ view_filter ] --START--
INFO: Run Behavior\WriteHtmlCacheBehavior [ RunTime:0.000241s ]
INFO: [ view_filter ] --END-- [ RunTime:0.000261s ]
INFO: [ app_end ] --START--
INFO: Run Behavior\ShowPageTraceBehavior [ RunTime:0.000352s ]
INFO: [ app_end ] --END-- [ RunTime:0.000371s ]

[ 2017-07-01T23:47:22+08:00 ] ::1 /shopping/shop/index.php/admin/User/edit?uid=1
INFO: [ app_begin ] --START--
INFO: Run Behavior\ReadHtmlCacheBehavior [ RunTime:0.000345s ]
INFO: [ app_begin ] --END-- [ RunTime:0.000629s ]
SQL: SHOW COLUMNS FROM `group_user` [ RunTime:0.0026s ]
SQL: SELECT * FROM `group_user` WHERE `uid` = 1 LIMIT 1   [ RunTime:0.0105s ]
INFO: [ view_parse ] --START--
INFO: [ template_filter ] --START--
INFO: Run Behavior\ContentReplaceBehavior [ RunTime:0.000024s ]
INFO: [ template_filter ] --END-- [ RunTime:0.000046s ]
INFO: Run Behavior\ParseTemplateBehavior [ RunTime:0.003864s ]
INFO: [ view_parse ] --END-- [ RunTime:0.003890s ]
INFO: [ view_filter ] --START--
INFO: Run Behavior\WriteHtmlCacheBehavior [ RunTime:0.000219s ]
INFO: [ view_filter ] --END-- [ RunTime:0.000239s ]
INFO: [ app_end ] --START--
INFO: Run Behavior\ShowPageTraceBehavior [ RunTime:0.000328s ]
INFO: [ app_end ] --END-- [ RunTime:0.000348s ]

[ 2017-07-01T23:48:00+08:00 ] ::1 /shopping/shop/index.php/admin/User/edit?uid=1
INFO: [ app_begin ] --START--
INFO: Run Behavior\ReadHtmlCacheBehavior [ RunTime:0.000310s ]
INFO: [ app_begin ] --END-- [ RunTime:0.000535s ]
SQL: SHOW COLUMNS FROM `group_user` [ RunTime:0.0025s ]
SQL: SELECT * FROM `group_user` WHERE `uid` = 1 LIMIT 1   [ RunTime:0.0002s ]
INFO: [ view_parse ] --START--
INFO: [ template_filter ] --START--
INFO: Run Behavior\ContentReplaceBehavior [ RunTime:0.000023s ]
INFO: [ template_filter ] --END-- [ RunTime:0.000043s ]
INFO: Run Behavior\ParseTemplateBehavior [ RunTime:0.003739s ]
INFO: [ view_parse ] --END-- [ RunTime:0.003764s ]
INFO: [ view_filter ] --START--
INFO: Run Behavior\WriteHtmlCacheBehavior [ RunTime:0.000235s ]
INFO: [ view_filter ] --END-- [ RunTime:0.000254s ]
INFO: [ app_end ] --START--
INFO: Run Behavior\ShowPageTraceBehavior [ RunTime:0.000348s ]
INFO: [ app_end ] --END-- [ RunTime:0.000367s ]

[ 2017-07-01T23:48:13+08:00 ] ::1 /shopping/shop/index.php/admin/User/edit?uid=1
INFO: [ app_begin ] --START--
INFO: Run Behavior\ReadHtmlCacheBehavior [ RunTime:0.000327s ]
INFO: [ app_begin ] --END-- [ RunTime:0.000592s ]
SQL: SHOW COLUMNS FROM `group_user` [ RunTime:0.0026s ]
SQL: SELECT * FROM `group_user` WHERE `uid` = 1 LIMIT 1   [ RunTime:0.0004s ]
INFO: [ view_parse ] --START--
INFO: [ template_filter ] --START--
INFO: Run Behavior\ContentReplaceBehavior [ RunTime:0.000025s ]
INFO: [ template_filter ] --END-- [ RunTime:0.000044s ]
INFO: Run Behavior\ParseTemplateBehavior [ RunTime:0.003899s ]
INFO: [ view_parse ] --END-- [ RunTime:0.003925s ]
INFO: [ view_filter ] --START--
INFO: Run Behavior\WriteHtmlCacheBehavior [ RunTime:0.000229s ]
INFO: [ view_filter ] --END-- [ RunTime:0.000249s ]
INFO: [ app_end ] --START--
INFO: Run Behavior\ShowPageTraceBehavior [ RunTime:0.000354s ]
INFO: [ app_end ] --END-- [ RunTime:0.000375s ]

[ 2017-07-01T23:48:33+08:00 ] ::1 /shopping/shop/index.php/admin/User/edit
INFO: [ app_begin ] --START--
INFO: Run Behavior\ReadHtmlCacheBehavior [ RunTime:0.000329s ]
INFO: [ app_begin ] --END-- [ RunTime:0.000596s ]
SQL: SHOW COLUMNS FROM `group_user` [ RunTime:0.0039s ]
SQL: UPDATE `group_user` SET `email`='',`uname`='',`password`='d41d8cd98f00b204e9800998ecf8427e',`phone`='' WHERE `uid` = 1 [ RunTime:0.0926s ]

[ 2017-07-01T23:49:02+08:00 ] ::1 /shopping/shop/index.php/admin/User/edit
INFO: [ app_begin ] --START--
INFO: Run Behavior\ReadHtmlCacheBehavior [ RunTime:0.000285s ]
INFO: [ app_begin ] --END-- [ RunTime:0.000512s ]
SQL: SHOW COLUMNS FROM `group_user` [ RunTime:0.0024s ]
SQL: UPDATE `group_user` SET `email`='',`uname`='',`password`='d41d8cd98f00b204e9800998ecf8427e',`phone`='' WHERE `uid` = 1 [ RunTime:0.0983s ]

[ 2017-07-01T23:49:05+08:00 ] ::1 /shopping/shop/index.php/admin/User/edit
INFO: [ app_begin ] --START--
INFO: Run Behavior\ReadHtmlCacheBehavior [ RunTime:0.000427s ]
INFO: [ app_begin ] --END-- [ RunTime:0.000744s ]
SQL: SHOW COLUMNS FROM `group_user` [ RunTime:0.0029s ]
SQL: UPDATE `group_user` SET `email`='',`uname`='',`password`='d41d8cd98f00b204e9800998ecf8427e',`phone`='' WHERE `uid` = 1 [ RunTime:0.0555s ]

[ 2017-07-01T23:49:46+08:00 ] ::1 /shopping/shop/index.php/admin/User/edit
INFO: [ app_begin ] --START--
INFO: Run Behavior\ReadHtmlCacheBehavior [ RunTime:0.000283s ]
INFO: [ app_begin ] --END-- [ RunTime:0.000509s ]
SQL: SHOW COLUMNS FROM `group_user` [ RunTime:0.0038s ]
ERR: 1062:Duplicate entry '' for key 'email_UNIQUE'
 [ SQL语句 ] : UPDATE `group_user` SET `email`='',`uname`='',`password`='d41d8cd98f00b204e9800998ecf8427e',`phone`='' WHERE `uid` = 4
ERR: 1062:Duplicate entry '' for key 'email_UNIQUE'
 [ SQL语句 ] : UPDATE `group_user` SET `email`='',`uname`='',`password`='d41d8cd98f00b204e9800998ecf8427e',`phone`='' WHERE `uid` = 4

[ 2017-07-01T23:53:56+08:00 ] ::1 /shopping/shop/index.php/admin/User/edit?uid=1
INFO: [ app_begin ] --START--
INFO: Run Behavior\ReadHtmlCacheBehavior [ RunTime:0.000338s ]
INFO: [ app_begin ] --END-- [ RunTime:0.000605s ]

[ 2017-07-01T23:54:37+08:00 ] ::1 /shopping/shop/index.php/admin/User/edit?uid=1
INFO: [ app_begin ] --START--
INFO: Run Behavior\ReadHtmlCacheBehavior [ RunTime:0.000315s ]
INFO: [ app_begin ] --END-- [ RunTime:0.000567s ]

[ 2017-07-01T23:55:20+08:00 ] ::1 /shopping/shop/index.php/admin/User/edit?uid=1
INFO: [ app_begin ] --START--
INFO: Run Behavior\ReadHtmlCacheBehavior [ RunTime:0.000320s ]
INFO: [ app_begin ] --END-- [ RunTime:0.000578s ]
SQL: SHOW COLUMNS FROM `group_user` [ RunTime:0.0032s ]
SQL: SELECT * FROM `group_user` WHERE `uid` = 1 LIMIT 1   [ RunTime:0.0003s ]
INFO: [ view_parse ] --START--
INFO: [ template_filter ] --START--
INFO: Run Behavior\ContentReplaceBehavior [ RunTime:0.000023s ]
INFO: [ template_filter ] --END-- [ RunTime:0.000042s ]
INFO: Run Behavior\ParseTemplateBehavior [ RunTime:0.003637s ]
INFO: [ view_parse ] --END-- [ RunTime:0.003661s ]
INFO: [ view_filter ] --START--
INFO: Run Behavior\WriteHtmlCacheBehavior [ RunTime:0.000220s ]
INFO: [ view_filter ] --END-- [ RunTime:0.000236s ]
INFO: [ app_end ] --START--
INFO: Run Behavior\ShowPageTraceBehavior [ RunTime:0.000332s ]
INFO: [ app_end ] --END-- [ RunTime:0.000351s ]

[ 2017-07-01T23:55:39+08:00 ] ::1 /shopping/shop/index.php/admin/User/edit?uid=1
INFO: [ app_begin ] --START--
INFO: Run Behavior\ReadHtmlCacheBehavior [ RunTime:0.000349s ]
INFO: [ app_begin ] --END-- [ RunTime:0.000641s ]
SQL: SHOW COLUMNS FROM `group_user` [ RunTime:0.0038s ]
SQL: SELECT * FROM `group_user` WHERE `uid` = 1 LIMIT 1   [ RunTime:0.0004s ]
INFO: [ view_parse ] --START--
INFO: [ template_filter ] --START--
INFO: Run Behavior\ContentReplaceBehavior [ RunTime:0.000024s ]
INFO: [ template_filter ] --END-- [ RunTime:0.000050s ]
INFO: Run Behavior\ParseTemplateBehavior [ RunTime:0.003986s ]
INFO: [ view_parse ] --END-- [ RunTime:0.004015s ]
INFO: [ view_filter ] --START--
INFO: Run Behavior\WriteHtmlCacheBehavior [ RunTime:0.000221s ]
INFO: [ view_filter ] --END-- [ RunTime:0.000241s ]
INFO: [ app_end ] --START--
INFO: Run Behavior\ShowPageTraceBehavior [ RunTime:0.000333s ]
INFO: [ app_end ] --END-- [ RunTime:0.000353s ]

[ 2017-07-01T23:56:10+08:00 ] ::1 /shopping/shop/index.php/admin/User/edit?uid=3
INFO: [ app_begin ] --START--
INFO: Run Behavior\ReadHtmlCacheBehavior [ RunTime:0.000384s ]
INFO: [ app_begin ] --END-- [ RunTime:0.000675s ]
SQL: SHOW COLUMNS FROM `group_user` [ RunTime:0.0039s ]
SQL: SELECT * FROM `group_user` WHERE `uid` = 3 LIMIT 1   [ RunTime:0.0004s ]
INFO: [ view_parse ] --START--
INFO: [ template_filter ] --START--
INFO: Run Behavior\ContentReplaceBehavior [ RunTime:0.000026s ]
INFO: [ template_filter ] --END-- [ RunTime:0.000052s ]
INFO: Run Behavior\ParseTemplateBehavior [ RunTime:0.004141s ]
INFO: [ view_parse ] --END-- [ RunTime:0.004170s ]
INFO: [ view_filter ] --START--
INFO: Run Behavior\WriteHtmlCacheBehavior [ RunTime:0.000287s ]
INFO: [ view_filter ] --END-- [ RunTime:0.000305s ]
INFO: [ app_end ] --START--
INFO: Run Behavior\ShowPageTraceBehavior [ RunTime:0.000412s ]
INFO: [ app_end ] --END-- [ RunTime:0.000431s ]

[ 2017-07-01T23:57:13+08:00 ] ::1 /shopping/shop/index.php/admin/User/edit
INFO: [ app_begin ] --START--
INFO: Run Behavior\ReadHtmlCacheBehavior [ RunTime:0.000308s ]
INFO: [ app_begin ] --END-- [ RunTime:0.000535s ]

[ 2017-07-01T23:57:20+08:00 ] ::1 /shopping/shop/index.php/admin/User/edit
INFO: [ app_begin ] --START--
INFO: Run Behavior\ReadHtmlCacheBehavior [ RunTime:0.000344s ]
INFO: [ app_begin ] --END-- [ RunTime:0.000633s ]

[ 2017-07-01T23:57:22+08:00 ] ::1 /shopping/shop/index.php/admin/User/edit
INFO: [ app_begin ] --START--
INFO: Run Behavior\ReadHtmlCacheBehavior [ RunTime:0.000410s ]
INFO: [ app_begin ] --END-- [ RunTime:0.000716s ]

