[ 2017-06-06T19:35:31+08:00 ] ::1 /shopping/shop/index.php/admin/Login/login
INFO: [ app_begin ] --START--
INFO: Run Behavior\ReadHtmlCacheBehavior [ RunTime:0.000329s ]
INFO: [ app_begin ] --END-- [ RunTime:0.000605s ]
SQL: SHOW COLUMNS FROM `group_user` [ RunTime:0.0305s ]
SQL: SELECT * FROM `group_user` WHERE `uname` = 'admin' AND `password` = 'e10adc3949ba59abbe56e057f20f883e' LIMIT 1   [ RunTime:0.0005s ]

[ 2017-06-06T19:35:39+08:00 ] ::1 /shopping/shop/index.php/Admin/Index/info.html
ERR: 非法操作:info

[ 2017-06-06T19:35:39+08:00 ] ::1 /shopping/shop/index.php/Admin/Index/pass.html
ERR: 非法操作:pass

[ 2017-06-06T19:35:41+08:00 ] ::1 /shopping/shop/index.php/Admin/Index/book.html
ERR: 非法操作:book

[ 2017-06-06T19:35:41+08:00 ] ::1 /shopping/shop/index.php/Admin/Index/column.html
ERR: 非法操作:column

[ 2017-06-06T19:35:43+08:00 ] ::1 /shopping/shop/index.php/Admin/type/index
ERR: 1146:Table 'hdgroup.group_type' doesn't exist
 [ SQL语句 ] : SHOW COLUMNS FROM `group_type`

[ 2017-06-06T19:35:53+08:00 ] ::1 /shopping/shop/index.php/Admin/type/index
ERR: 1146:Table 'hdgroup.group_type' doesn't exist
 [ SQL语句 ] : SHOW COLUMNS FROM `group_type`

[ 2017-06-06T19:40:09+08:00 ] ::1 /shopping/shop/index.php/Admin/Index/info.html
ERR: 非法操作:info

[ 2017-06-06T19:40:12+08:00 ] ::1 /shopping/shop/index.php/Admin/type/index
ERR: 1146:Table 'hdgroup.group_type' doesn't exist
 [ SQL语句 ] : SHOW COLUMNS FROM `group_type`

