[ 2017-06-26T20:13:16+08:00 ] ::1 /shopping/shop/index.php/admin/Login/login
INFO: [ app_begin ] --START--
INFO: Run Behavior\ReadHtmlCacheBehavior [ RunTime:0.000335s ]
INFO: [ app_begin ] --END-- [ RunTime:0.000611s ]
SQL: SHOW COLUMNS FROM `group_user` [ RunTime:0.0323s ]
SQL: SELECT * FROM `group_user` WHERE `uname` = 'admin' AND `password` = 'e10adc3949ba59abbe56e057f20f883e' LIMIT 1   [ RunTime:0.0007s ]

[ 2017-06-26T20:14:49+08:00 ] ::1 /shopping/shop/index.php/Admin/type/index
ERR: 1146:Table 'hdgroup.group_type' doesn't exist
 [ SQL语句 ] : SHOW COLUMNS FROM `group_type`

[ 2017-06-26T20:15:02+08:00 ] ::1 /shopping/shop/index.php/Admin/type/index
ERR: 1146:Table 'hdgroup.group_type' doesn't exist
 [ SQL语句 ] : SHOW COLUMNS FROM `group_type`

[ 2017-06-26T20:15:03+08:00 ] ::1 /shopping/shop/index.php/Admin/type/index
ERR: 1146:Table 'hdgroup.group_type' doesn't exist
 [ SQL语句 ] : SHOW COLUMNS FROM `group_type`

[ 2017-06-26T20:15:43+08:00 ] ::1 /shopping/shop/index.php/Admin/Index/info.html
ERR: 非法操作:info

[ 2017-06-26T20:20:09+08:00 ] ::1 /shopping/shop/index.php/Admin/Login/loginout
INFO: [ app_begin ] --START--
INFO: Run Behavior\ReadHtmlCacheBehavior [ RunTime:0.000358s ]
INFO: [ app_begin ] --END-- [ RunTime:0.000636s ]

[ 2017-06-26T20:20:12+08:00 ] ::1 /shopping/shop/index.php/admin/Login/login
INFO: [ app_begin ] --START--
INFO: Run Behavior\ReadHtmlCacheBehavior [ RunTime:0.000328s ]
INFO: [ app_begin ] --END-- [ RunTime:0.000575s ]

[ 2017-06-26T20:20:22+08:00 ] ::1 /shopping/shop/index.php/admin/Login/login
INFO: [ app_begin ] --START--
INFO: Run Behavior\ReadHtmlCacheBehavior [ RunTime:0.000279s ]
INFO: [ app_begin ] --END-- [ RunTime:0.000535s ]
SQL: SHOW COLUMNS FROM `group_user` [ RunTime:0.0036s ]
SQL: SELECT * FROM `group_user` WHERE `uname` = 'admin' AND `password` = 'e10adc3949ba59abbe56e057f20f883e' LIMIT 1   [ RunTime:0.0002s ]

[ 2017-06-26T20:47:43+08:00 ] ::1 /shopping/shop/index.php/Admin/Index/info.html
ERR: 非法操作:info

[ 2017-06-26T23:16:07+08:00 ] ::1 /shopping/shop/index.php/Admin/type/index
ERR: 1146:Table 'hdgroup.group_type' doesn't exist
 [ SQL语句 ] : SHOW COLUMNS FROM `group_type`

[ 2017-06-26T23:16:16+08:00 ] ::1 /shopping/shop/index.php/Admin/Index/book.html
ERR: 非法操作:book

[ 2017-06-26T23:16:17+08:00 ] ::1 /shopping/shop/index.php/Admin/Index/pass.html
ERR: 非法操作:pass

[ 2017-06-26T23:31:24+08:00 ] ::1 /shopping/shop/index.php/Admin/type/index
ERR: 1146:Table 'hdgroup.group_type' doesn't exist
 [ SQL语句 ] : SHOW COLUMNS FROM `group_type`

[ 2017-06-26T23:31:28+08:00 ] ::1 /shopping/shop/index.php/Admin/type/index
ERR: 1146:Table 'hdgroup.group_type' doesn't exist
 [ SQL语句 ] : SHOW COLUMNS FROM `group_type`

[ 2017-06-26T23:31:29+08:00 ] ::1 /shopping/shop/index.php/Admin/type/index
ERR: 1146:Table 'hdgroup.group_type' doesn't exist
 [ SQL语句 ] : SHOW COLUMNS FROM `group_type`

[ 2017-06-26T23:31:33+08:00 ] ::1 /shopping/shop/index.php/Admin/type/index
ERR: 1146:Table 'hdgroup.group_type' doesn't exist
 [ SQL语句 ] : SHOW COLUMNS FROM `group_type`

[ 2017-06-26T23:31:45+08:00 ] ::1 /shopping/shop/index.php/Admin/type/index
ERR: 1146:Table 'hdgroup.group_type' doesn't exist
 [ SQL语句 ] : SHOW COLUMNS FROM `group_type`

[ 2017-06-26T23:32:27+08:00 ] ::1 /shopping/shop/index.php/Admin/type/index
ERR: 1146:Table 'hdgroup.group_type' doesn't exist
 [ SQL语句 ] : SHOW COLUMNS FROM `group_type`

[ 2017-06-26T23:32:40+08:00 ] ::1 /shopping/shop/index.php/Admin/type/index
ERR: 1146:Table 'hdgroup.group_type' doesn't exist
 [ SQL语句 ] : SHOW COLUMNS FROM `group_type`

[ 2017-06-26T23:32:44+08:00 ] ::1 /shopping/shop/index.php/Admin/type/index
ERR: 1146:Table 'hdgroup.group_type' doesn't exist
 [ SQL语句 ] : SHOW COLUMNS FROM `group_type`

[ 2017-06-26T23:32:48+08:00 ] ::1 /shopping/shop/index.php/Admin/type/index
ERR: 1146:Table 'hdgroup.group_type' doesn't exist
 [ SQL语句 ] : SHOW COLUMNS FROM `group_type`

[ 2017-06-26T23:37:24+08:00 ] ::1 /shopping/shop/index.php/Admin/type/index
ERR: 1146:Table 'hdgroup.group_type' doesn't exist
 [ SQL语句 ] : SHOW COLUMNS FROM `group_type`

[ 2017-06-26T23:37:28+08:00 ] ::1 /shopping/shop/index.php/Admin/type/index
ERR: 1146:Table 'hdgroup.group_type' doesn't exist
 [ SQL语句 ] : SHOW COLUMNS FROM `group_type`

[ 2017-06-26T23:37:31+08:00 ] ::1 /shopping/shop/index.php/Admin/type/index
ERR: 1146:Table 'hdgroup.group_type' doesn't exist
 [ SQL语句 ] : SHOW COLUMNS FROM `group_type`

[ 2017-06-26T23:37:44+08:00 ] ::1 /shopping/shop/index.php/Admin/type/index
ERR: 1146:Table 'hdgroup.group_type' doesn't exist
 [ SQL语句 ] : SHOW COLUMNS FROM `group_type`

[ 2017-06-26T23:38:13+08:00 ] ::1 /shopping/shop/index.php/Admin/type/index
ERR: 1146:Table 'hdgroup.group_type' doesn't exist
 [ SQL语句 ] : SHOW COLUMNS FROM `group_type`

[ 2017-06-26T23:38:18+08:00 ] ::1 /shopping/shop/index.php/Admin/type/index
ERR: 1146:Table 'hdgroup.group_type' doesn't exist
 [ SQL语句 ] : SHOW COLUMNS FROM `group_type`

[ 2017-06-26T23:43:32+08:00 ] ::1 /shopping/shop/index.php/Admin/type/index
ERR: 1146:Table 'hdgroup.group_type' doesn't exist
 [ SQL语句 ] : SHOW COLUMNS FROM `group_type`

[ 2017-06-26T23:44:44+08:00 ] ::1 /shopping/shop/index.php/Admin/type/index
ERR: 1146:Table 'hdgroup.group_type' doesn't exist
 [ SQL语句 ] : SHOW COLUMNS FROM `group_type`

[ 2017-06-26T23:52:43+08:00 ] ::1 /shopping/shop/index.php/Admin/user/index
ERR: 模板不存在:J:/xamp/htdocs/shopping/shop/Admin/View/User/menu.html.html

