[ 2017-07-05T22:13:48+08:00 ] ::1 /shopping/shop/index.php/admin/Login/login
INFO: [ app_begin ] --START--
INFO: Run Behavior\ReadHtmlCacheBehavior [ RunTime:0.000411s ]
INFO: [ app_begin ] --END-- [ RunTime:0.000711s ]
SQL: SHOW COLUMNS FROM `group_user` [ RunTime:0.0078s ]
SQL: SELECT * FROM `group_user` WHERE `uname` = 'admin' AND `password` = 'e10adc3949ba59abbe56e057f20f883e' LIMIT 1   [ RunTime:0.0003s ]

[ 2017-07-05T22:16:00+08:00 ] ::1 /shopping/shop/index.php/admin/User/uname
INFO: [ app_begin ] --START--
INFO: Run Behavior\ReadHtmlCacheBehavior [ RunTime:0.001027s ]
INFO: [ app_begin ] --END-- [ RunTime:0.001735s ]
SQL: SHOW COLUMNS FROM `group_user` [ RunTime:0.0028s ]
SQL: SELECT * FROM `group_user` WHERE `uname` = 'wwwww' LIMIT 1   [ RunTime:0.0003s ]

[ 2017-07-05T22:16:03+08:00 ] ::1 /shopping/shop/index.php/admin/User/uname
INFO: [ app_begin ] --START--
INFO: Run Behavior\ReadHtmlCacheBehavior [ RunTime:0.000325s ]
INFO: [ app_begin ] --END-- [ RunTime:0.000577s ]
SQL: SHOW COLUMNS FROM `group_user` [ RunTime:0.0082s ]
SQL: SELECT * FROM `group_user` WHERE `uname` = 'wwwww' LIMIT 1   [ RunTime:0.0004s ]

[ 2017-07-05T22:16:17+08:00 ] ::1 /shopping/shop/index.php/admin/User/uname
INFO: [ app_begin ] --START--
INFO: Run Behavior\ReadHtmlCacheBehavior [ RunTime:0.000728s ]
INFO: [ app_begin ] --END-- [ RunTime:0.001328s ]
SQL: SHOW COLUMNS FROM `group_user` [ RunTime:0.0035s ]
SQL: SELECT * FROM `group_user` WHERE `uname` = 'wwwww' LIMIT 1   [ RunTime:0.0003s ]

[ 2017-07-05T22:16:22+08:00 ] ::1 /shopping/shop/index.php/admin/User/uname
INFO: [ app_begin ] --START--
INFO: Run Behavior\ReadHtmlCacheBehavior [ RunTime:0.000866s ]
INFO: [ app_begin ] --END-- [ RunTime:0.001630s ]
SQL: SHOW COLUMNS FROM `group_user` [ RunTime:0.0044s ]
SQL: SELECT * FROM `group_user` WHERE `uname` = 'wwwww' LIMIT 1   [ RunTime:0.0003s ]

[ 2017-07-05T22:16:24+08:00 ] ::1 /shopping/shop/index.php/admin/User/uname
INFO: [ app_begin ] --START--
INFO: Run Behavior\ReadHtmlCacheBehavior [ RunTime:0.000316s ]
INFO: [ app_begin ] --END-- [ RunTime:0.000583s ]
SQL: SHOW COLUMNS FROM `group_user` [ RunTime:0.0026s ]
SQL: SELECT * FROM `group_user` WHERE `uname` = 'wwwww' LIMIT 1   [ RunTime:0.0005s ]

[ 2017-07-05T22:17:08+08:00 ] ::1 /shopping/shop/index.php/admin/User/uname
INFO: [ app_begin ] --START--
INFO: Run Behavior\ReadHtmlCacheBehavior [ RunTime:0.001158s ]
INFO: [ app_begin ] --END-- [ RunTime:0.001991s ]
SQL: SHOW COLUMNS FROM `group_user` [ RunTime:0.0484s ]
SQL: SELECT * FROM `group_user` WHERE `uname` = 'wwwww' LIMIT 1   [ RunTime:0.0003s ]

[ 2017-07-05T22:32:52+08:00 ] ::1 /shopping/shop/index.php/admin/User/uname
INFO: [ app_begin ] --START--
INFO: Run Behavior\ReadHtmlCacheBehavior [ RunTime:0.001261s ]
INFO: [ app_begin ] --END-- [ RunTime:0.002153s ]
SQL: SHOW COLUMNS FROM `group_user` [ RunTime:0.0042s ]
SQL: SELECT * FROM `group_user` WHERE `uname` = 'wwwww' LIMIT 1   [ RunTime:0.0007s ]

[ 2017-07-05T22:32:52+08:00 ] ::1 /shopping/shop/index.php/admin/User/uname
INFO: [ app_begin ] --START--
INFO: Run Behavior\ReadHtmlCacheBehavior [ RunTime:0.001123s ]
INFO: [ app_begin ] --END-- [ RunTime:0.001941s ]
SQL: SHOW COLUMNS FROM `group_user` [ RunTime:0.0044s ]
SQL: SELECT * FROM `group_user` WHERE `uname` = 'wwwww' LIMIT 1   [ RunTime:0.0004s ]

[ 2017-07-05T22:32:56+08:00 ] ::1 /shopping/shop/index.php/admin/User/uname
INFO: [ app_begin ] --START--
INFO: Run Behavior\ReadHtmlCacheBehavior [ RunTime:0.000867s ]
INFO: [ app_begin ] --END-- [ RunTime:0.001662s ]
SQL: SHOW COLUMNS FROM `group_user` [ RunTime:0.0031s ]
SQL: SELECT * FROM `group_user` WHERE `uname` = 'wwwww' LIMIT 1   [ RunTime:0.0003s ]

[ 2017-07-05T22:32:56+08:00 ] ::1 /shopping/shop/index.php/admin/User/uname
INFO: [ app_begin ] --START--
INFO: Run Behavior\ReadHtmlCacheBehavior [ RunTime:0.000855s ]
INFO: [ app_begin ] --END-- [ RunTime:0.001509s ]
SQL: SHOW COLUMNS FROM `group_user` [ RunTime:0.0024s ]
SQL: SELECT * FROM `group_user` WHERE `uname` = 'wwwww' LIMIT 1   [ RunTime:0.0002s ]

[ 2017-07-05T22:34:12+08:00 ] ::1 /shopping/shop/index.php/admin/User/uname
INFO: [ app_begin ] --START--
INFO: Run Behavior\ReadHtmlCacheBehavior [ RunTime:0.001072s ]
INFO: [ app_begin ] --END-- [ RunTime:0.001846s ]
SQL: SHOW COLUMNS FROM `group_user` [ RunTime:0.0146s ]
SQL: SELECT * FROM `group_user` WHERE `uname` = 'wwwww' LIMIT 1   [ RunTime:0.0005s ]

[ 2017-07-05T22:34:12+08:00 ] ::1 /shopping/shop/index.php/admin/User/uname
INFO: [ app_begin ] --START--
INFO: Run Behavior\ReadHtmlCacheBehavior [ RunTime:0.001051s ]
INFO: [ app_begin ] --END-- [ RunTime:0.001852s ]
SQL: SHOW COLUMNS FROM `group_user` [ RunTime:0.0030s ]
SQL: SELECT * FROM `group_user` WHERE `uname` = 'wwwww' LIMIT 1   [ RunTime:0.0004s ]

[ 2017-07-05T22:34:37+08:00 ] ::1 /shopping/shop/index.php/admin/User/uname
INFO: [ app_begin ] --START--
INFO: Run Behavior\ReadHtmlCacheBehavior [ RunTime:0.000816s ]
INFO: [ app_begin ] --END-- [ RunTime:0.001472s ]
SQL: SHOW COLUMNS FROM `group_user` [ RunTime:0.0052s ]
SQL: SELECT * FROM `group_user` WHERE `uname` = 'wwwww' LIMIT 1   [ RunTime:0.0005s ]

[ 2017-07-05T22:34:37+08:00 ] ::1 /shopping/shop/index.php/admin/User/uname
INFO: [ app_begin ] --START--
INFO: Run Behavior\ReadHtmlCacheBehavior [ RunTime:0.000829s ]
INFO: [ app_begin ] --END-- [ RunTime:0.001468s ]
SQL: SHOW COLUMNS FROM `group_user` [ RunTime:0.0057s ]
SQL: SELECT * FROM `group_user` WHERE `uname` = 'wwwww' LIMIT 1   [ RunTime:0.0007s ]

[ 2017-07-05T22:36:22+08:00 ] ::1 /shopping/shop/index.php/admin/User/uname
INFO: [ app_begin ] --START--
INFO: Run Behavior\ReadHtmlCacheBehavior [ RunTime:0.000749s ]
INFO: [ app_begin ] --END-- [ RunTime:0.001407s ]
SQL: SHOW COLUMNS FROM `group_user` [ RunTime:0.1281s ]
SQL: SELECT * FROM `group_user` WHERE `uname` = 'wwwww' LIMIT 1   [ RunTime:0.0005s ]

[ 2017-07-05T22:36:22+08:00 ] ::1 /shopping/shop/index.php/admin/User/uname
INFO: [ app_begin ] --START--
INFO: Run Behavior\ReadHtmlCacheBehavior [ RunTime:0.001118s ]
INFO: [ app_begin ] --END-- [ RunTime:0.001908s ]
SQL: SHOW COLUMNS FROM `group_user` [ RunTime:0.0815s ]
SQL: SELECT * FROM `group_user` WHERE `uname` = 'wwwww' LIMIT 1   [ RunTime:0.0008s ]

[ 2017-07-05T22:46:56+08:00 ] ::1 /shopping/shop/index.php/admin/User/uname
INFO: [ app_begin ] --START--
INFO: Run Behavior\ReadHtmlCacheBehavior [ RunTime:0.000918s ]
INFO: [ app_begin ] --END-- [ RunTime:0.001649s ]
SQL: SHOW COLUMNS FROM `group_user` [ RunTime:0.0040s ]
SQL: SELECT * FROM `group_user` WHERE `uname` = 'wwwww' LIMIT 1   [ RunTime:0.0004s ]

[ 2017-07-05T22:48:36+08:00 ] ::1 /shopping/shop/index.php/admin/User/uname
INFO: [ app_begin ] --START--
INFO: Run Behavior\ReadHtmlCacheBehavior [ RunTime:0.000917s ]
INFO: [ app_begin ] --END-- [ RunTime:0.001727s ]
SQL: SHOW COLUMNS FROM `group_user` [ RunTime:0.0061s ]
SQL: SELECT * FROM `group_user` WHERE `uname` = 'wwwww' LIMIT 1   [ RunTime:0.0007s ]

[ 2017-07-05T22:51:50+08:00 ] ::1 /shopping/shop/index.php/admin/User/uname
INFO: [ app_begin ] --START--
INFO: Run Behavior\ReadHtmlCacheBehavior [ RunTime:0.000919s ]
INFO: [ app_begin ] --END-- [ RunTime:0.001672s ]
SQL: SHOW COLUMNS FROM `group_user` [ RunTime:0.0024s ]
SQL: SELECT * FROM `group_user` WHERE `uname` = 'wwwww' LIMIT 1   [ RunTime:0.0003s ]

[ 2017-07-05T22:51:53+08:00 ] ::1 /shopping/shop/index.php/admin/User/uname
INFO: [ app_begin ] --START--
INFO: Run Behavior\ReadHtmlCacheBehavior [ RunTime:0.000993s ]
INFO: [ app_begin ] --END-- [ RunTime:0.001793s ]
SQL: SHOW COLUMNS FROM `group_user` [ RunTime:0.0082s ]
SQL: SELECT * FROM `group_user` WHERE `uname` = 'wwwww' LIMIT 1   [ RunTime:0.0008s ]

[ 2017-07-05T22:56:38+08:00 ] ::1 /shopping/shop/index.php/admin/User/edit?uname=wwwww&password=&email=&phone=
INFO: [ app_begin ] --START--
INFO: Run Behavior\ReadHtmlCacheBehavior [ RunTime:0.000333s ]
INFO: [ app_begin ] --END-- [ RunTime:0.000610s ]
SQL: SHOW COLUMNS FROM `group_user` [ RunTime:0.0028s ]
SQL: SELECT * FROM `group_user` WHERE `uid` = 0 LIMIT 1   [ RunTime:0.0005s ]

[ 2017-07-05T23:06:25+08:00 ] ::1 /shopping/shop/index.php/admin/User/edit
INFO: [ app_begin ] --START--
INFO: Run Behavior\ReadHtmlCacheBehavior [ RunTime:0.000320s ]
INFO: [ app_begin ] --END-- [ RunTime:0.000682s ]
SQL: SHOW COLUMNS FROM `group_user` [ RunTime:0.0293s ]
SQL: SELECT * FROM `group_user` WHERE `uid` = 0 LIMIT 1   [ RunTime:0.0002s ]

[ 2017-07-05T23:06:25+08:00 ] ::1 /shopping/shop/index.php/admin/User/edit
INFO: [ app_begin ] --START--
INFO: Run Behavior\ReadHtmlCacheBehavior [ RunTime:0.000301s ]
INFO: [ app_begin ] --END-- [ RunTime:0.000569s ]
SQL: SHOW COLUMNS FROM `group_user` [ RunTime:0.0396s ]
SQL: UPDATE `group_user` SET `email`='',`uname`='wwwww',`password`='d41d8cd98f00b204e9800998ecf8427e',`phone`='' WHERE `uid` = 0 [ RunTime:0.0005s ]

[ 2017-07-05T23:06:45+08:00 ] ::1 /shopping/shop/index.php/admin/User/edit
INFO: [ app_begin ] --START--
INFO: Run Behavior\ReadHtmlCacheBehavior [ RunTime:0.000321s ]
INFO: [ app_begin ] --END-- [ RunTime:0.000596s ]
SQL: SHOW COLUMNS FROM `group_user` [ RunTime:0.0027s ]
SQL: SELECT * FROM `group_user` WHERE `uid` = 0 LIMIT 1   [ RunTime:0.0005s ]

[ 2017-07-05T23:07:13+08:00 ] ::1 /shopping/shop/index.php/admin/User/edit
INFO: [ app_begin ] --START--
INFO: Run Behavior\ReadHtmlCacheBehavior [ RunTime:0.000395s ]
INFO: [ app_begin ] --END-- [ RunTime:0.000683s ]
SQL: SHOW COLUMNS FROM `group_user` [ RunTime:0.0030s ]
SQL: SELECT * FROM `group_user` WHERE `uid` = 0 LIMIT 1   [ RunTime:0.0004s ]

[ 2017-07-05T23:08:14+08:00 ] ::1 /shopping/shop/index.php/admin/User/edit
INFO: [ app_begin ] --START--
INFO: Run Behavior\ReadHtmlCacheBehavior [ RunTime:0.000350s ]
INFO: [ app_begin ] --END-- [ RunTime:0.000637s ]
SQL: SHOW COLUMNS FROM `group_user` [ RunTime:0.1562s ]
SQL: SELECT * FROM `group_user` WHERE `uid` = 0 LIMIT 1   [ RunTime:0.0005s ]

[ 2017-07-05T23:09:19+08:00 ] ::1 /shopping/shop/index.php/admin/User/edit
INFO: [ app_begin ] --START--
INFO: Run Behavior\ReadHtmlCacheBehavior [ RunTime:0.000359s ]
INFO: [ app_begin ] --END-- [ RunTime:0.000618s ]
SQL: SHOW COLUMNS FROM `group_user` [ RunTime:0.0027s ]
SQL: SELECT * FROM `group_user` WHERE `uid` = 0 LIMIT 1   [ RunTime:0.0003s ]

[ 2017-07-05T23:09:39+08:00 ] ::1 /shopping/shop/index.php/admin/User/edit
INFO: [ app_begin ] --START--
INFO: Run Behavior\ReadHtmlCacheBehavior [ RunTime:0.000333s ]
INFO: [ app_begin ] --END-- [ RunTime:0.000610s ]
SQL: SHOW COLUMNS FROM `group_user` [ RunTime:0.0105s ]
SQL: SELECT * FROM `group_user` WHERE `uid` = 0 LIMIT 1   [ RunTime:0.0003s ]

[ 2017-07-05T23:10:51+08:00 ] ::1 /shopping/shop/index.php/admin/User/edit
INFO: [ app_begin ] --START--
INFO: Run Behavior\ReadHtmlCacheBehavior [ RunTime:0.000289s ]
INFO: [ app_begin ] --END-- [ RunTime:0.000559s ]
NOTIC: [8] Undefined index: uid J:\xamp\htdocs\shopping\shop\Admin\Controller\UserController.class.php 第 43 行.
SQL: SHOW COLUMNS FROM `group_user` [ RunTime:0.0024s ]
SQL: SELECT * FROM `group_user` LIMIT 1   [ RunTime:0.0002s ]

[ 2017-07-05T23:10:58+08:00 ] ::1 /shopping/shop/index.php/admin/User/edit
INFO: [ app_begin ] --START--
INFO: Run Behavior\ReadHtmlCacheBehavior [ RunTime:0.000356s ]
INFO: [ app_begin ] --END-- [ RunTime:0.000597s ]
NOTIC: [8] Undefined index: uid J:\xamp\htdocs\shopping\shop\Admin\Controller\UserController.class.php 第 43 行.
SQL: SHOW COLUMNS FROM `group_user` [ RunTime:0.0435s ]
SQL: SELECT * FROM `group_user` LIMIT 1   [ RunTime:0.0003s ]

[ 2017-07-05T23:11:02+08:00 ] ::1 /shopping/shop/index.php/admin/User/edit
INFO: [ app_begin ] --START--
INFO: Run Behavior\ReadHtmlCacheBehavior [ RunTime:0.000339s ]
INFO: [ app_begin ] --END-- [ RunTime:0.000584s ]
NOTIC: [8] Undefined index: uid J:\xamp\htdocs\shopping\shop\Admin\Controller\UserController.class.php 第 43 行.
SQL: SHOW COLUMNS FROM `group_user` [ RunTime:0.0986s ]
SQL: SELECT * FROM `group_user` LIMIT 1   [ RunTime:0.0003s ]

[ 2017-07-05T23:12:14+08:00 ] ::1 /shopping/shop/index.php/admin/User/edit
INFO: [ app_begin ] --START--
INFO: Run Behavior\ReadHtmlCacheBehavior [ RunTime:0.000312s ]
INFO: [ app_begin ] --END-- [ RunTime:0.000604s ]
NOTIC: [8] Undefined index: uid J:\xamp\htdocs\shopping\shop\Admin\Controller\UserController.class.php 第 43 行.
SQL: SHOW COLUMNS FROM `group_user` [ RunTime:0.0027s ]
SQL: SELECT * FROM `group_user` LIMIT 1   [ RunTime:0.0003s ]

[ 2017-07-05T23:12:20+08:00 ] ::1 /shopping/shop/index.php/admin/User/edit
INFO: [ app_begin ] --START--
INFO: Run Behavior\ReadHtmlCacheBehavior [ RunTime:0.000322s ]
INFO: [ app_begin ] --END-- [ RunTime:0.000594s ]
NOTIC: [8] Undefined index: uid J:\xamp\htdocs\shopping\shop\Admin\Controller\UserController.class.php 第 43 行.
SQL: SHOW COLUMNS FROM `group_user` [ RunTime:0.0024s ]
SQL: SELECT * FROM `group_user` LIMIT 1   [ RunTime:0.0004s ]

[ 2017-07-05T23:13:05+08:00 ] ::1 /shopping/shop/index.php/admin/User/edit
INFO: [ app_begin ] --START--
INFO: Run Behavior\ReadHtmlCacheBehavior [ RunTime:0.000360s ]
INFO: [ app_begin ] --END-- [ RunTime:0.000629s ]
NOTIC: [8] Undefined index: uid J:\xamp\htdocs\shopping\shop\Admin\Controller\UserController.class.php 第 43 行.
SQL: SHOW COLUMNS FROM `group_user` [ RunTime:0.0027s ]
SQL: SELECT * FROM `group_user` LIMIT 1   [ RunTime:0.0004s ]

[ 2017-07-05T23:13:08+08:00 ] ::1 /shopping/shop/index.php/admin/User/edit
INFO: [ app_begin ] --START--
INFO: Run Behavior\ReadHtmlCacheBehavior [ RunTime:0.000344s ]
INFO: [ app_begin ] --END-- [ RunTime:0.000619s ]
NOTIC: [8] Undefined index: uid J:\xamp\htdocs\shopping\shop\Admin\Controller\UserController.class.php 第 43 行.
SQL: SHOW COLUMNS FROM `group_user` [ RunTime:0.0034s ]
SQL: SELECT * FROM `group_user` LIMIT 1   [ RunTime:0.0002s ]

[ 2017-07-05T23:13:53+08:00 ] ::1 /shopping/shop/index.php/admin/User/edit
INFO: [ app_begin ] --START--
INFO: Run Behavior\ReadHtmlCacheBehavior [ RunTime:0.000492s ]
INFO: [ app_begin ] --END-- [ RunTime:0.000861s ]
NOTIC: [8] Undefined index: uid J:\xamp\htdocs\shopping\shop\Admin\Controller\UserController.class.php 第 43 行.
SQL: SHOW COLUMNS FROM `group_user` [ RunTime:0.0026s ]
SQL: SELECT * FROM `group_user` LIMIT 1   [ RunTime:0.0002s ]

[ 2017-07-05T23:13:56+08:00 ] ::1 /shopping/shop/index.php/admin/User/edit
INFO: [ app_begin ] --START--
INFO: Run Behavior\ReadHtmlCacheBehavior [ RunTime:0.000339s ]
INFO: [ app_begin ] --END-- [ RunTime:0.000612s ]
NOTIC: [8] Undefined index: uid J:\xamp\htdocs\shopping\shop\Admin\Controller\UserController.class.php 第 43 行.
SQL: SHOW COLUMNS FROM `group_user` [ RunTime:0.0035s ]
SQL: SELECT * FROM `group_user` LIMIT 1   [ RunTime:0.0003s ]

[ 2017-07-05T23:14:10+08:00 ] ::1 /shopping/shop/index.php/admin/User/edit
INFO: [ app_begin ] --START--
INFO: Run Behavior\ReadHtmlCacheBehavior [ RunTime:0.000335s ]
INFO: [ app_begin ] --END-- [ RunTime:0.000632s ]
NOTIC: [8] Undefined index: uid J:\xamp\htdocs\shopping\shop\Admin\Controller\UserController.class.php 第 43 行.
SQL: SHOW COLUMNS FROM `group_user` [ RunTime:0.0023s ]
SQL: SELECT * FROM `group_user` LIMIT 1   [ RunTime:0.0002s ]
INFO: [ app_end ] --START--
INFO: Run Behavior\ShowPageTraceBehavior [ RunTime:0.000376s ]
INFO: [ app_end ] --END-- [ RunTime:0.000399s ]

[ 2017-07-05T23:14:18+08:00 ] ::1 /shopping/shop/index.php/admin/User/edit
INFO: [ app_begin ] --START--
INFO: Run Behavior\ReadHtmlCacheBehavior [ RunTime:0.000372s ]
INFO: [ app_begin ] --END-- [ RunTime:0.000677s ]
NOTIC: [8] Undefined index: uid J:\xamp\htdocs\shopping\shop\Admin\Controller\UserController.class.php 第 43 行.
SQL: SHOW COLUMNS FROM `group_user` [ RunTime:0.0031s ]
SQL: SELECT * FROM `group_user` LIMIT 1   [ RunTime:0.0004s ]
INFO: [ app_end ] --START--
INFO: Run Behavior\ShowPageTraceBehavior [ RunTime:0.000429s ]
INFO: [ app_end ] --END-- [ RunTime:0.000453s ]

[ 2017-07-05T23:14:23+08:00 ] ::1 /shopping/shop/index.php/admin/User/edit
INFO: [ app_begin ] --START--
INFO: Run Behavior\ReadHtmlCacheBehavior [ RunTime:0.000291s ]
INFO: [ app_begin ] --END-- [ RunTime:0.000566s ]
NOTIC: [8] Undefined index: uid J:\xamp\htdocs\shopping\shop\Admin\Controller\UserController.class.php 第 43 行.
SQL: SHOW COLUMNS FROM `group_user` [ RunTime:0.0034s ]
SQL: SELECT * FROM `group_user` LIMIT 1   [ RunTime:0.0003s ]
INFO: [ app_end ] --START--
INFO: Run Behavior\ShowPageTraceBehavior [ RunTime:0.000395s ]
INFO: [ app_end ] --END-- [ RunTime:0.000417s ]

[ 2017-07-05T23:17:39+08:00 ] ::1 /shopping/shop/index.php/admin/User/edit
INFO: [ app_begin ] --START--
INFO: Run Behavior\ReadHtmlCacheBehavior [ RunTime:0.000371s ]
INFO: [ app_begin ] --END-- [ RunTime:0.000654s ]
ERR: 参数错误或者未定义:uid

[ 2017-07-05T23:17:43+08:00 ] ::1 /shopping/shop/index.php/admin/User/edit
INFO: [ app_begin ] --START--
INFO: Run Behavior\ReadHtmlCacheBehavior [ RunTime:0.000333s ]
INFO: [ app_begin ] --END-- [ RunTime:0.000607s ]
ERR: 参数错误或者未定义:uid

[ 2017-07-05T23:18:06+08:00 ] ::1 /shopping/shop/index.php/admin/User/edit
INFO: [ app_begin ] --START--
INFO: Run Behavior\ReadHtmlCacheBehavior [ RunTime:0.000314s ]
INFO: [ app_begin ] --END-- [ RunTime:0.000590s ]
SQL: SHOW COLUMNS FROM `group_user` [ RunTime:0.0034s ]
SQL: SELECT * FROM `group_user` WHERE `uid` = 0 LIMIT 1   [ RunTime:0.0002s ]
INFO: [ app_end ] --START--
INFO: Run Behavior\ShowPageTraceBehavior [ RunTime:0.000427s ]
INFO: [ app_end ] --END-- [ RunTime:0.000483s ]

[ 2017-07-05T23:18:58+08:00 ] ::1 /shopping/shop/index.php/admin/User/edit
INFO: [ app_begin ] --START--
INFO: Run Behavior\ReadHtmlCacheBehavior [ RunTime:0.000305s ]
INFO: [ app_begin ] --END-- [ RunTime:0.000571s ]
NOTIC: [8] Undefined index: uid J:\xamp\htdocs\shopping\shop\Admin\Controller\UserController.class.php 第 45 行.
SQL: SHOW COLUMNS FROM `group_user` [ RunTime:0.0440s ]
SQL: SELECT * FROM `group_user` LIMIT 1   [ RunTime:0.0005s ]
INFO: [ app_end ] --START--
INFO: Run Behavior\ShowPageTraceBehavior [ RunTime:0.000444s ]
INFO: [ app_end ] --END-- [ RunTime:0.000471s ]

[ 2017-07-05T23:19:01+08:00 ] ::1 /shopping/shop/index.php/admin/User/edit
INFO: [ app_begin ] --START--
INFO: Run Behavior\ReadHtmlCacheBehavior [ RunTime:0.000336s ]
INFO: [ app_begin ] --END-- [ RunTime:0.000578s ]
NOTIC: [8] Undefined index: uid J:\xamp\htdocs\shopping\shop\Admin\Controller\UserController.class.php 第 45 行.
SQL: SHOW COLUMNS FROM `group_user` [ RunTime:0.0026s ]
SQL: SELECT * FROM `group_user` LIMIT 1   [ RunTime:0.0004s ]
INFO: [ app_end ] --START--
INFO: Run Behavior\ShowPageTraceBehavior [ RunTime:0.000443s ]
INFO: [ app_end ] --END-- [ RunTime:0.000471s ]

[ 2017-07-05T23:20:16+08:00 ] ::1 /shopping/shop/index.php/admin/User/edit?uid=4
INFO: [ app_begin ] --START--
INFO: Run Behavior\ReadHtmlCacheBehavior [ RunTime:0.000305s ]
INFO: [ app_begin ] --END-- [ RunTime:0.000533s ]
SQL: SHOW COLUMNS FROM `group_user` [ RunTime:0.0024s ]
NOTIC: [8] Undefined variable: id J:\xamp\htdocs\shopping\shop\Admin\Controller\UserController.class.php 第 45 行.
SQL: SELECT * FROM `group_user` LIMIT 1   [ RunTime:0.0002s ]
INFO: [ app_end ] --START--
INFO: Run Behavior\ShowPageTraceBehavior [ RunTime:0.000401s ]
INFO: [ app_end ] --END-- [ RunTime:0.000424s ]

[ 2017-07-05T23:20:19+08:00 ] ::1 /shopping/shop/index.php/admin/User/edit?uid=6
INFO: [ app_begin ] --START--
INFO: Run Behavior\ReadHtmlCacheBehavior [ RunTime:0.000338s ]
INFO: [ app_begin ] --END-- [ RunTime:0.000609s ]
SQL: SHOW COLUMNS FROM `group_user` [ RunTime:0.0025s ]
NOTIC: [8] Undefined variable: id J:\xamp\htdocs\shopping\shop\Admin\Controller\UserController.class.php 第 45 行.
SQL: SELECT * FROM `group_user` LIMIT 1   [ RunTime:0.0002s ]
INFO: [ app_end ] --START--
INFO: Run Behavior\ShowPageTraceBehavior [ RunTime:0.000398s ]
INFO: [ app_end ] --END-- [ RunTime:0.000420s ]

[ 2017-07-05T23:20:43+08:00 ] ::1 /shopping/shop/index.php/admin/User/edit?uid=3
INFO: [ app_begin ] --START--
INFO: Run Behavior\ReadHtmlCacheBehavior [ RunTime:0.000299s ]
INFO: [ app_begin ] --END-- [ RunTime:0.000553s ]
SQL: SHOW COLUMNS FROM `group_user` [ RunTime:0.0024s ]
NOTIC: [8] Undefined variable: id J:\xamp\htdocs\shopping\shop\Admin\Controller\UserController.class.php 第 45 行.
SQL: SELECT * FROM `group_user` LIMIT 1   [ RunTime:0.0003s ]
INFO: [ app_end ] --START--
INFO: Run Behavior\ShowPageTraceBehavior [ RunTime:0.000392s ]
INFO: [ app_end ] --END-- [ RunTime:0.000414s ]

[ 2017-07-05T23:21:24+08:00 ] ::1 /shopping/shop/index.php/admin/User/edit?uid=4
INFO: [ app_begin ] --START--
INFO: Run Behavior\ReadHtmlCacheBehavior [ RunTime:0.000278s ]
INFO: [ app_begin ] --END-- [ RunTime:0.000484s ]
SQL: SHOW COLUMNS FROM `group_user` [ RunTime:0.0038s ]
NOTIC: [8] Undefined variable: id J:\xamp\htdocs\shopping\shop\Admin\Controller\UserController.class.php 第 45 行.
SQL: SELECT * FROM `group_user` LIMIT 1   [ RunTime:0.0003s ]
INFO: [ app_end ] --START--
INFO: Run Behavior\ShowPageTraceBehavior [ RunTime:0.000375s ]
INFO: [ app_end ] --END-- [ RunTime:0.000397s ]

[ 2017-07-05T23:21:27+08:00 ] ::1 /shopping/shop/index.php/admin/User/edit?uid=6
INFO: [ app_begin ] --START--
INFO: Run Behavior\ReadHtmlCacheBehavior [ RunTime:0.000299s ]
INFO: [ app_begin ] --END-- [ RunTime:0.000540s ]
SQL: SHOW COLUMNS FROM `group_user` [ RunTime:0.0870s ]
NOTIC: [8] Undefined variable: id J:\xamp\htdocs\shopping\shop\Admin\Controller\UserController.class.php 第 45 行.
SQL: SELECT * FROM `group_user` LIMIT 1   [ RunTime:0.0011s ]
INFO: [ app_end ] --START--
INFO: Run Behavior\ShowPageTraceBehavior [ RunTime:0.001065s ]
INFO: [ app_end ] --END-- [ RunTime:0.001141s ]

[ 2017-07-05T23:21:30+08:00 ] ::1 /shopping/shop/index.php/admin/User/edit?uid=6
INFO: [ app_begin ] --START--
INFO: Run Behavior\ReadHtmlCacheBehavior [ RunTime:0.000275s ]
INFO: [ app_begin ] --END-- [ RunTime:0.000518s ]
SQL: SHOW COLUMNS FROM `group_user` [ RunTime:0.0035s ]
NOTIC: [8] Undefined variable: id J:\xamp\htdocs\shopping\shop\Admin\Controller\UserController.class.php 第 45 行.
SQL: SELECT * FROM `group_user` LIMIT 1   [ RunTime:0.0003s ]
INFO: [ app_end ] --START--
INFO: Run Behavior\ShowPageTraceBehavior [ RunTime:0.000379s ]
INFO: [ app_end ] --END-- [ RunTime:0.000402s ]

[ 2017-07-05T23:21:43+08:00 ] ::1 /shopping/shop/index.php/admin/User/edit?uid=5
INFO: [ app_begin ] --START--
INFO: Run Behavior\ReadHtmlCacheBehavior [ RunTime:0.000302s ]
INFO: [ app_begin ] --END-- [ RunTime:0.000545s ]
SQL: SHOW COLUMNS FROM `group_user` [ RunTime:0.0024s ]
NOTIC: [8] Undefined variable: id J:\xamp\htdocs\shopping\shop\Admin\Controller\UserController.class.php 第 45 行.
SQL: SELECT * FROM `group_user` LIMIT 1   [ RunTime:0.0003s ]
INFO: [ app_end ] --START--
INFO: Run Behavior\ShowPageTraceBehavior [ RunTime:0.000384s ]
INFO: [ app_end ] --END-- [ RunTime:0.000408s ]

[ 2017-07-05T23:21:46+08:00 ] ::1 /shopping/shop/index.php/admin/User/edit?uid=7
INFO: [ app_begin ] --START--
INFO: Run Behavior\ReadHtmlCacheBehavior [ RunTime:0.000275s ]
INFO: [ app_begin ] --END-- [ RunTime:0.000494s ]
SQL: SHOW COLUMNS FROM `group_user` [ RunTime:0.0023s ]
NOTIC: [8] Undefined variable: id J:\xamp\htdocs\shopping\shop\Admin\Controller\UserController.class.php 第 45 行.
SQL: SELECT * FROM `group_user` LIMIT 1   [ RunTime:0.0002s ]
INFO: [ app_end ] --START--
INFO: Run Behavior\ShowPageTraceBehavior [ RunTime:0.000381s ]
INFO: [ app_end ] --END-- [ RunTime:0.000404s ]

[ 2017-07-05T23:22:11+08:00 ] ::1 /shopping/shop/index.php/admin/User/edit?uid=6
INFO: [ app_begin ] --START--
INFO: Run Behavior\ReadHtmlCacheBehavior [ RunTime:0.000340s ]
INFO: [ app_begin ] --END-- [ RunTime:0.000617s ]
SQL: SHOW COLUMNS FROM `group_user` [ RunTime:0.0030s ]
NOTIC: [8] Undefined variable: id J:\xamp\htdocs\shopping\shop\Admin\Controller\UserController.class.php 第 46 行.
SQL: SELECT * FROM `group_user` LIMIT 1   [ RunTime:0.0002s ]
INFO: [ app_end ] --START--
INFO: Run Behavior\ShowPageTraceBehavior [ RunTime:0.000379s ]
INFO: [ app_end ] --END-- [ RunTime:0.000400s ]

[ 2017-07-05T23:22:14+08:00 ] ::1 /shopping/shop/index.php/admin/User/edit?uid=7
INFO: [ app_begin ] --START--
INFO: Run Behavior\ReadHtmlCacheBehavior [ RunTime:0.000420s ]
INFO: [ app_begin ] --END-- [ RunTime:0.000727s ]
SQL: SHOW COLUMNS FROM `group_user` [ RunTime:0.0029s ]
NOTIC: [8] Undefined variable: id J:\xamp\htdocs\shopping\shop\Admin\Controller\UserController.class.php 第 46 行.
SQL: SELECT * FROM `group_user` LIMIT 1   [ RunTime:0.0004s ]
INFO: [ app_end ] --START--
INFO: Run Behavior\ShowPageTraceBehavior [ RunTime:0.000457s ]
INFO: [ app_end ] --END-- [ RunTime:0.000479s ]

[ 2017-07-05T23:27:57+08:00 ] ::1 /shopping/shop/index.php/admin/User/edit?uid=3
INFO: [ app_begin ] --START--
INFO: Run Behavior\ReadHtmlCacheBehavior [ RunTime:0.000328s ]
INFO: [ app_begin ] --END-- [ RunTime:0.000586s ]
SQL: SHOW COLUMNS FROM `group_user` [ RunTime:0.0024s ]
SQL: SELECT * FROM `group_user` WHERE ( uid=3 )  [ RunTime:0.0002s ]
INFO: [ app_end ] --START--
INFO: Run Behavior\ShowPageTraceBehavior [ RunTime:0.000370s ]
INFO: [ app_end ] --END-- [ RunTime:0.000393s ]

[ 2017-07-05T23:28:12+08:00 ] ::1 /shopping/shop/index.php/admin/User/edit?uid=4
INFO: [ app_begin ] --START--
INFO: Run Behavior\ReadHtmlCacheBehavior [ RunTime:0.000291s ]
INFO: [ app_begin ] --END-- [ RunTime:0.000529s ]
SQL: SHOW COLUMNS FROM `group_user` [ RunTime:0.0036s ]
ERR: 1054:Unknown column '$uid' in 'where clause'
 [ SQL语句 ] : SELECT * FROM `group_user` WHERE ( uid=$uid ) 
ERR: 1054:Unknown column '$uid' in 'where clause'
 [ SQL语句 ] : SELECT * FROM `group_user` WHERE ( uid=$uid ) 

[ 2017-07-05T23:28:42+08:00 ] ::1 /shopping/shop/index.php/admin/User/edit?uid=5
INFO: [ app_begin ] --START--
INFO: Run Behavior\ReadHtmlCacheBehavior [ RunTime:0.000284s ]
INFO: [ app_begin ] --END-- [ RunTime:0.000548s ]
SQL: SHOW COLUMNS FROM `group_user` [ RunTime:0.0025s ]
ERR: 1064:You have an error in your SQL syntax; check the manual that corresponds to your MariaDB server version for the right syntax to use near '} )' at line 1
 [ SQL语句 ] : SELECT * FROM `group_user` WHERE ( uid={$uid} ) 
ERR: 1064:You have an error in your SQL syntax; check the manual that corresponds to your MariaDB server version for the right syntax to use near '} )' at line 1
 [ SQL语句 ] : SELECT * FROM `group_user` WHERE ( uid={$uid} ) 

[ 2017-07-05T23:29:26+08:00 ] ::1 /shopping/shop/index.php/admin/User/edit?uid=3
INFO: [ app_begin ] --START--
INFO: Run Behavior\ReadHtmlCacheBehavior [ RunTime:0.000355s ]
INFO: [ app_begin ] --END-- [ RunTime:0.000626s ]
SQL: SHOW COLUMNS FROM `group_user` [ RunTime:0.0025s ]
SQL: SELECT * FROM `group_user` WHERE ( uid=3 )  [ RunTime:0.0003s ]
INFO: [ app_end ] --START--
INFO: Run Behavior\ShowPageTraceBehavior [ RunTime:0.000379s ]
INFO: [ app_end ] --END-- [ RunTime:0.000403s ]

[ 2017-07-05T23:29:28+08:00 ] ::1 /shopping/shop/index.php/admin/User/edit?uid=6
INFO: [ app_begin ] --START--
INFO: Run Behavior\ReadHtmlCacheBehavior [ RunTime:0.000313s ]
INFO: [ app_begin ] --END-- [ RunTime:0.000562s ]
SQL: SHOW COLUMNS FROM `group_user` [ RunTime:0.0036s ]
SQL: SELECT * FROM `group_user` WHERE ( uid=6 )  [ RunTime:0.0004s ]
INFO: [ app_end ] --START--
INFO: Run Behavior\ShowPageTraceBehavior [ RunTime:0.000416s ]
INFO: [ app_end ] --END-- [ RunTime:0.000439s ]

[ 2017-07-05T23:30:43+08:00 ] ::1 /shopping/shop/index.php/admin/User/edit?uid=5
INFO: [ app_begin ] --START--
INFO: Run Behavior\ReadHtmlCacheBehavior [ RunTime:0.000301s ]
INFO: [ app_begin ] --END-- [ RunTime:0.000552s ]
SQL: SHOW COLUMNS FROM `group_user` [ RunTime:0.0028s ]
SQL: SELECT * FROM `group_user` WHERE ( uid=5 )  [ RunTime:0.0004s ]

[ 2017-07-05T23:31:00+08:00 ] ::1 /shopping/shop/index.php/admin/User/edit?uid=4
INFO: [ app_begin ] --START--
INFO: Run Behavior\ReadHtmlCacheBehavior [ RunTime:0.000303s ]
INFO: [ app_begin ] --END-- [ RunTime:0.000575s ]
SQL: SHOW COLUMNS FROM `group_user` [ RunTime:0.0238s ]
SQL: SELECT * FROM `group_user` WHERE ( uid=4 )  [ RunTime:0.0004s ]
INFO: [ app_end ] --START--
INFO: Run Behavior\ShowPageTraceBehavior [ RunTime:0.000382s ]
INFO: [ app_end ] --END-- [ RunTime:0.000405s ]

[ 2017-07-05T23:31:02+08:00 ] ::1 /shopping/shop/index.php/admin/User/edit?uid=6
INFO: [ app_begin ] --START--
INFO: Run Behavior\ReadHtmlCacheBehavior [ RunTime:0.000342s ]
INFO: [ app_begin ] --END-- [ RunTime:0.000620s ]
SQL: SHOW COLUMNS FROM `group_user` [ RunTime:0.0023s ]
SQL: SELECT * FROM `group_user` WHERE ( uid=6 )  [ RunTime:0.0002s ]
INFO: [ app_end ] --START--
INFO: Run Behavior\ShowPageTraceBehavior [ RunTime:0.000353s ]
INFO: [ app_end ] --END-- [ RunTime:0.000376s ]

[ 2017-07-05T23:31:17+08:00 ] ::1 /shopping/shop/index.php/admin/User/edit?uid=6
INFO: [ app_begin ] --START--
INFO: Run Behavior\ReadHtmlCacheBehavior [ RunTime:0.000329s ]
INFO: [ app_begin ] --END-- [ RunTime:0.000611s ]
SQL: SHOW COLUMNS FROM `group_user` [ RunTime:0.0029s ]
SQL: SELECT * FROM `group_user` WHERE ( uid=6 )  [ RunTime:0.0004s ]

[ 2017-07-05T23:31:31+08:00 ] ::1 /shopping/shop/index.php/admin/User/edit?uid=7
INFO: [ app_begin ] --START--
INFO: Run Behavior\ReadHtmlCacheBehavior [ RunTime:0.000387s ]
INFO: [ app_begin ] --END-- [ RunTime:0.000672s ]
SQL: SHOW COLUMNS FROM `group_user` [ RunTime:0.0031s ]
SQL: SELECT * FROM `group_user` WHERE ( uid=7 )  [ RunTime:0.0002s ]

[ 2017-07-05T23:32:33+08:00 ] ::1 /shopping/shop/index.php/admin/User/edit?uid=5
INFO: [ app_begin ] --START--
INFO: Run Behavior\ReadHtmlCacheBehavior [ RunTime:0.000333s ]
INFO: [ app_begin ] --END-- [ RunTime:0.000602s ]
SQL: SHOW COLUMNS FROM `group_user` [ RunTime:0.0027s ]
SQL: SELECT * FROM `group_user` WHERE `uid` = 5 LIMIT 1   [ RunTime:0.0003s ]

[ 2017-07-05T23:32:37+08:00 ] ::1 /shopping/shop/index.php/admin/User/edit?uid=7
INFO: [ app_begin ] --START--
INFO: Run Behavior\ReadHtmlCacheBehavior [ RunTime:0.000311s ]
INFO: [ app_begin ] --END-- [ RunTime:0.000568s ]
SQL: SHOW COLUMNS FROM `group_user` [ RunTime:0.0037s ]
SQL: SELECT * FROM `group_user` WHERE `uid` = 7 LIMIT 1   [ RunTime:0.0003s ]

[ 2017-07-05T23:32:39+08:00 ] ::1 /shopping/shop/index.php/admin/User/edit?uid=8
INFO: [ app_begin ] --START--
INFO: Run Behavior\ReadHtmlCacheBehavior [ RunTime:0.000340s ]
INFO: [ app_begin ] --END-- [ RunTime:0.000617s ]
SQL: SHOW COLUMNS FROM `group_user` [ RunTime:0.0802s ]
SQL: SELECT * FROM `group_user` WHERE `uid` = 8 LIMIT 1   [ RunTime:0.0003s ]

[ 2017-07-05T23:32:57+08:00 ] ::1 /shopping/shop/index.php/admin/User/edit?uid=8
INFO: [ app_begin ] --START--
INFO: Run Behavior\ReadHtmlCacheBehavior [ RunTime:0.000298s ]
INFO: [ app_begin ] --END-- [ RunTime:0.000539s ]
SQL: SHOW COLUMNS FROM `group_user` [ RunTime:0.0029s ]
SQL: SELECT * FROM `group_user` WHERE `uid` = 8 LIMIT 1   [ RunTime:0.0004s ]

[ 2017-07-05T23:33:50+08:00 ] ::1 /shopping/shop/index.php/admin/User/edit?uid=3
INFO: [ app_begin ] --START--
INFO: Run Behavior\ReadHtmlCacheBehavior [ RunTime:0.000325s ]
INFO: [ app_begin ] --END-- [ RunTime:0.000590s ]
SQL: SHOW COLUMNS FROM `group_user` [ RunTime:0.0027s ]
SQL: SELECT * FROM `group_user` WHERE `uid` = 3 LIMIT 1   [ RunTime:0.0004s ]

[ 2017-07-05T23:34:55+08:00 ] ::1 /shopping/shop/index.php/admin/User/edit?uid=5
INFO: [ app_begin ] --START--
INFO: Run Behavior\ReadHtmlCacheBehavior [ RunTime:0.000346s ]
INFO: [ app_begin ] --END-- [ RunTime:0.000625s ]
SQL: SHOW COLUMNS FROM `group_user` [ RunTime:0.0037s ]
SQL: SELECT * FROM `group_user` WHERE `uid` = 5 LIMIT 1   [ RunTime:0.0002s ]

[ 2017-07-05T23:34:58+08:00 ] ::1 /shopping/shop/index.php/admin/User/edit?uid=6
INFO: [ app_begin ] --START--
INFO: Run Behavior\ReadHtmlCacheBehavior [ RunTime:0.000314s ]
INFO: [ app_begin ] --END-- [ RunTime:0.000569s ]
SQL: SHOW COLUMNS FROM `group_user` [ RunTime:0.0025s ]
SQL: SELECT * FROM `group_user` WHERE `uid` = 6 LIMIT 1   [ RunTime:0.0003s ]

[ 2017-07-05T23:35:01+08:00 ] ::1 /shopping/shop/index.php/admin/User/edit?uid=8
INFO: [ app_begin ] --START--
INFO: Run Behavior\ReadHtmlCacheBehavior [ RunTime:0.000316s ]
INFO: [ app_begin ] --END-- [ RunTime:0.000571s ]
SQL: SHOW COLUMNS FROM `group_user` [ RunTime:0.0025s ]
SQL: SELECT * FROM `group_user` WHERE `uid` = 8 LIMIT 1   [ RunTime:0.0003s ]

[ 2017-07-05T23:35:03+08:00 ] ::1 /shopping/shop/index.php/admin/User/edit?uid=9
INFO: [ app_begin ] --START--
INFO: Run Behavior\ReadHtmlCacheBehavior [ RunTime:0.000318s ]
INFO: [ app_begin ] --END-- [ RunTime:0.000629s ]
SQL: SHOW COLUMNS FROM `group_user` [ RunTime:0.0023s ]
SQL: SELECT * FROM `group_user` WHERE `uid` = 9 LIMIT 1   [ RunTime:0.0003s ]

[ 2017-07-05T23:37:42+08:00 ] ::1 /shopping/shop/index.php/admin/User/edit?uid=3
INFO: [ app_begin ] --START--
INFO: Run Behavior\ReadHtmlCacheBehavior [ RunTime:0.000316s ]
INFO: [ app_begin ] --END-- [ RunTime:0.000602s ]
SQL: SHOW COLUMNS FROM `group_user` [ RunTime:0.0448s ]
SQL: SELECT * FROM `group_user` WHERE `uid` = 3 LIMIT 1   [ RunTime:0.0005s ]

[ 2017-07-05T23:37:46+08:00 ] ::1 /shopping/shop/index.php/admin/User/edit?uid=1
INFO: [ app_begin ] --START--
INFO: Run Behavior\ReadHtmlCacheBehavior [ RunTime:0.000330s ]
INFO: [ app_begin ] --END-- [ RunTime:0.000565s ]
SQL: SHOW COLUMNS FROM `group_user` [ RunTime:0.0032s ]
SQL: SELECT * FROM `group_user` WHERE `uid` = 1 LIMIT 1   [ RunTime:0.0010s ]

[ 2017-07-05T23:37:59+08:00 ] ::1 /shopping/shop/index.php/admin/User/edit?uid=4
INFO: [ app_begin ] --START--
INFO: Run Behavior\ReadHtmlCacheBehavior [ RunTime:0.000287s ]
INFO: [ app_begin ] --END-- [ RunTime:0.000550s ]
SQL: SHOW COLUMNS FROM `group_user` [ RunTime:0.0027s ]
SQL: SELECT * FROM `group_user` WHERE `uid` = 4 LIMIT 1   [ RunTime:0.0005s ]

[ 2017-07-05T23:38:30+08:00 ] ::1 /shopping/shop/index.php/admin/User/edit?uid=3
INFO: [ app_begin ] --START--
INFO: Run Behavior\ReadHtmlCacheBehavior [ RunTime:0.000301s ]
INFO: [ app_begin ] --END-- [ RunTime:0.000544s ]
SQL: SHOW COLUMNS FROM `group_user` [ RunTime:0.0030s ]
SQL: SELECT * FROM `group_user` WHERE `uid` = 3 LIMIT 1   [ RunTime:0.0003s ]

[ 2017-07-05T23:39:23+08:00 ] ::1 /shopping/shop/index.php/admin/User/edit?uid=4
INFO: [ app_begin ] --START--
INFO: Run Behavior\ReadHtmlCacheBehavior [ RunTime:0.000310s ]
INFO: [ app_begin ] --END-- [ RunTime:0.000571s ]
SQL: SHOW COLUMNS FROM `group_user` [ RunTime:0.0039s ]
SQL: SELECT * FROM `group_user` WHERE `uid` = 4 LIMIT 1   [ RunTime:0.0006s ]

[ 2017-07-05T23:45:16+08:00 ] ::1 /shopping/shop/index.php/admin/User/edit?uid=3
INFO: [ app_begin ] --START--
INFO: Run Behavior\ReadHtmlCacheBehavior [ RunTime:0.000313s ]
INFO: [ app_begin ] --END-- [ RunTime:0.000571s ]
SQL: SHOW COLUMNS FROM `group_user` [ RunTime:0.0028s ]
SQL: SELECT * FROM `group_user` WHERE `uid` = 3 LIMIT 1   [ RunTime:0.0005s ]

[ 2017-07-05T23:45:18+08:00 ] ::1 /shopping/shop/index.php/admin/User/edit?uid=1
INFO: [ app_begin ] --START--
INFO: Run Behavior\ReadHtmlCacheBehavior [ RunTime:0.000319s ]
INFO: [ app_begin ] --END-- [ RunTime:0.000583s ]
SQL: SHOW COLUMNS FROM `group_user` [ RunTime:0.0544s ]
SQL: SELECT * FROM `group_user` WHERE `uid` = 1 LIMIT 1   [ RunTime:0.0005s ]

[ 2017-07-05T23:45:21+08:00 ] ::1 /shopping/shop/index.php/admin/User/edit?uid=4
INFO: [ app_begin ] --START--
INFO: Run Behavior\ReadHtmlCacheBehavior [ RunTime:0.000346s ]
INFO: [ app_begin ] --END-- [ RunTime:0.000623s ]
SQL: SHOW COLUMNS FROM `group_user` [ RunTime:0.0024s ]
SQL: SELECT * FROM `group_user` WHERE `uid` = 4 LIMIT 1   [ RunTime:0.0003s ]

[ 2017-07-05T23:46:06+08:00 ] ::1 /shopping/shop/index.php/admin/User/edit?uid=4
INFO: [ app_begin ] --START--
INFO: Run Behavior\ReadHtmlCacheBehavior [ RunTime:0.000281s ]
INFO: [ app_begin ] --END-- [ RunTime:0.000506s ]
SQL: SHOW COLUMNS FROM `group_user` [ RunTime:0.0447s ]
SQL: SELECT * FROM `group_user` WHERE `uid` = 4 LIMIT 1   [ RunTime:0.0004s ]

[ 2017-07-05T23:46:31+08:00 ] ::1 /shopping/shop/index.php/admin/User/edit?uid=4
INFO: [ app_begin ] --START--
INFO: Run Behavior\ReadHtmlCacheBehavior [ RunTime:0.000344s ]
INFO: [ app_begin ] --END-- [ RunTime:0.000633s ]
SQL: SHOW COLUMNS FROM `group_user` [ RunTime:0.0027s ]
SQL: SELECT * FROM `group_user` WHERE `uid` = 4 LIMIT 1   [ RunTime:0.0003s ]

[ 2017-07-05T23:46:42+08:00 ] ::1 /shopping/shop/index.php/admin/User/edit?uid=6
INFO: [ app_begin ] --START--
INFO: Run Behavior\ReadHtmlCacheBehavior [ RunTime:0.000300s ]
INFO: [ app_begin ] --END-- [ RunTime:0.000574s ]
SQL: SHOW COLUMNS FROM `group_user` [ RunTime:0.0024s ]
SQL: SELECT * FROM `group_user` WHERE `uid` = 6 LIMIT 1   [ RunTime:0.0004s ]

[ 2017-07-05T23:46:43+08:00 ] ::1 /shopping/shop/index.php/admin/User/edit?uid=6
INFO: [ app_begin ] --START--
INFO: Run Behavior\ReadHtmlCacheBehavior [ RunTime:0.000323s ]
INFO: [ app_begin ] --END-- [ RunTime:0.000594s ]
SQL: SHOW COLUMNS FROM `group_user` [ RunTime:0.0564s ]
SQL: SELECT * FROM `group_user` WHERE `uid` = 6 LIMIT 1   [ RunTime:0.0003s ]

[ 2017-07-05T23:46:46+08:00 ] ::1 /shopping/shop/index.php/admin/User/edit?uid=5
INFO: [ app_begin ] --START--
INFO: Run Behavior\ReadHtmlCacheBehavior [ RunTime:0.000328s ]
INFO: [ app_begin ] --END-- [ RunTime:0.000601s ]
SQL: SHOW COLUMNS FROM `group_user` [ RunTime:0.0178s ]
SQL: SELECT * FROM `group_user` WHERE `uid` = 5 LIMIT 1   [ RunTime:0.0002s ]

[ 2017-07-05T23:46:48+08:00 ] ::1 /shopping/shop/index.php/admin/User/edit?uid=3
INFO: [ app_begin ] --START--
INFO: Run Behavior\ReadHtmlCacheBehavior [ RunTime:0.000318s ]
INFO: [ app_begin ] --END-- [ RunTime:0.000585s ]
SQL: SHOW COLUMNS FROM `group_user` [ RunTime:0.0043s ]
SQL: SELECT * FROM `group_user` WHERE `uid` = 3 LIMIT 1   [ RunTime:0.0004s ]

[ 2017-07-05T23:46:49+08:00 ] ::1 /shopping/shop/index.php/admin/User/uname
INFO: [ app_begin ] --START--
INFO: Run Behavior\ReadHtmlCacheBehavior [ RunTime:0.001557s ]
INFO: [ app_begin ] --END-- [ RunTime:0.002842s ]
SQL: SHOW COLUMNS FROM `group_user` [ RunTime:0.0034s ]
SQL: SELECT * FROM `group_user` WHERE `uname` = '' LIMIT 1   [ RunTime:0.0002s ]

[ 2017-07-05T23:49:54+08:00 ] ::1 /shopping/shop/index.php/admin/User/edit?uid=5
INFO: [ app_begin ] --START--
INFO: Run Behavior\ReadHtmlCacheBehavior [ RunTime:0.000331s ]
INFO: [ app_begin ] --END-- [ RunTime:0.000581s ]
SQL: SHOW COLUMNS FROM `group_user` [ RunTime:0.0030s ]
SQL: SELECT * FROM `group_user` WHERE `uid` = 5 LIMIT 1   [ RunTime:0.0003s ]

[ 2017-07-05T23:49:59+08:00 ] ::1 /shopping/shop/index.php/admin/User/edit?uid=7
INFO: [ app_begin ] --START--
INFO: Run Behavior\ReadHtmlCacheBehavior [ RunTime:0.000345s ]
INFO: [ app_begin ] --END-- [ RunTime:0.000679s ]
SQL: SHOW COLUMNS FROM `group_user` [ RunTime:0.0035s ]
SQL: SELECT * FROM `group_user` WHERE `uid` = 7 LIMIT 1   [ RunTime:0.0003s ]

[ 2017-07-05T23:50:00+08:00 ] ::1 /shopping/shop/index.php/admin/User/edit?uid=7
INFO: [ app_begin ] --START--
INFO: Run Behavior\ReadHtmlCacheBehavior [ RunTime:0.000330s ]
INFO: [ app_begin ] --END-- [ RunTime:0.000614s ]
SQL: SHOW COLUMNS FROM `group_user` [ RunTime:0.0025s ]
SQL: SELECT * FROM `group_user` WHERE `uid` = 7 LIMIT 1   [ RunTime:0.0003s ]

[ 2017-07-05T23:50:05+08:00 ] ::1 /shopping/shop/index.php/admin/User/edit?uid=9
INFO: [ app_begin ] --START--
INFO: Run Behavior\ReadHtmlCacheBehavior [ RunTime:0.000298s ]
INFO: [ app_begin ] --END-- [ RunTime:0.000545s ]
SQL: SHOW COLUMNS FROM `group_user` [ RunTime:0.0039s ]
SQL: SELECT * FROM `group_user` WHERE `uid` = 9 LIMIT 1   [ RunTime:0.0007s ]

[ 2017-07-05T23:50:07+08:00 ] ::1 /shopping/shop/index.php/admin/User/edit?uid=1
INFO: [ app_begin ] --START--
INFO: Run Behavior\ReadHtmlCacheBehavior [ RunTime:0.000303s ]
INFO: [ app_begin ] --END-- [ RunTime:0.000522s ]
SQL: SHOW COLUMNS FROM `group_user` [ RunTime:0.0026s ]
SQL: SELECT * FROM `group_user` WHERE `uid` = 1 LIMIT 1   [ RunTime:0.0003s ]

[ 2017-07-05T23:50:11+08:00 ] ::1 /shopping/shop/index.php/admin/User/edit?uid=1
INFO: [ app_begin ] --START--
INFO: Run Behavior\ReadHtmlCacheBehavior [ RunTime:0.000322s ]
INFO: [ app_begin ] --END-- [ RunTime:0.000587s ]
SQL: SHOW COLUMNS FROM `group_user` [ RunTime:0.0032s ]
SQL: SELECT * FROM `group_user` WHERE `uid` = 1 LIMIT 1   [ RunTime:0.0004s ]

[ 2017-07-05T23:50:13+08:00 ] ::1 /shopping/shop/index.php/admin/User/edit?uid=4
INFO: [ app_begin ] --START--
INFO: Run Behavior\ReadHtmlCacheBehavior [ RunTime:0.000348s ]
INFO: [ app_begin ] --END-- [ RunTime:0.000587s ]
SQL: SHOW COLUMNS FROM `group_user` [ RunTime:0.0027s ]
SQL: SELECT * FROM `group_user` WHERE `uid` = 4 LIMIT 1   [ RunTime:0.0002s ]

[ 2017-07-05T23:50:35+08:00 ] ::1 /shopping/shop/index.php/admin/User/edit?uid=1
INFO: [ app_begin ] --START--
INFO: Run Behavior\ReadHtmlCacheBehavior [ RunTime:0.000314s ]
INFO: [ app_begin ] --END-- [ RunTime:0.000568s ]
SQL: SHOW COLUMNS FROM `group_user` [ RunTime:0.0438s ]
SQL: SELECT * FROM `group_user` WHERE `uid` = 1 LIMIT 1   [ RunTime:0.0002s ]

[ 2017-07-05T23:50:39+08:00 ] ::1 /shopping/shop/index.php/admin/User/edit?uid=4
INFO: [ app_begin ] --START--
INFO: Run Behavior\ReadHtmlCacheBehavior [ RunTime:0.000319s ]
INFO: [ app_begin ] --END-- [ RunTime:0.000586s ]
SQL: SHOW COLUMNS FROM `group_user` [ RunTime:0.1234s ]
SQL: SELECT * FROM `group_user` WHERE `uid` = 4 LIMIT 1   [ RunTime:0.0009s ]

[ 2017-07-05T23:50:40+08:00 ] ::1 /shopping/shop/index.php/admin/User/edit?uid=4
INFO: [ app_begin ] --START--
INFO: Run Behavior\ReadHtmlCacheBehavior [ RunTime:0.000273s ]
INFO: [ app_begin ] --END-- [ RunTime:0.000490s ]
SQL: SHOW COLUMNS FROM `group_user` [ RunTime:0.0036s ]
SQL: SELECT * FROM `group_user` WHERE `uid` = 4 LIMIT 1   [ RunTime:0.0002s ]

[ 2017-07-05T23:50:41+08:00 ] ::1 /shopping/shop/index.php/admin/User/uname
INFO: [ app_begin ] --START--
INFO: Run Behavior\ReadHtmlCacheBehavior [ RunTime:0.000657s ]
INFO: [ app_begin ] --END-- [ RunTime:0.001230s ]
SQL: SHOW COLUMNS FROM `group_user` [ RunTime:0.0856s ]
SQL: SELECT * FROM `group_user` WHERE `uname` = '' LIMIT 1   [ RunTime:0.0004s ]

